ERROR: OTRS-otrs.Console.pl-Maint::PostMaster::MailAccountFetch-27 Perl: 5.16.3 OS: linux Time: Wed Jul 12 09:07:01 2017

 Message: There was an error executing Execute() in Kernel::System::Console::Command::Maint::PostMaster::MailAccountFetch: ERROR: OTRS-otrs.Console.pl-Maint::PostMaster::MailAccountFetch-27 Perl: 5.16.3 OS: linux Time: Wed Jul 12 09:07:01 2017

 Message: Can't get ArticleID from insert (TicketID=1015184, MessageID=<0OSY00HAERNJQY20@claudiusfe.idm.net.lb>)!

 Traceback (59330): 
   Module: Kernel::System::Ticket::Article::ArticleCreate Line: 320
   Module: Kernel::System::PostMaster::NewTicket::Run Line: 455
   Module: Kernel::System::PostMaster::Run Line: 413
   Module: Kernel::System::MailAccount::IMAP::_Fetch Line: 220
   Module: Kernel::System::MailAccount::IMAP::Fetch Line: 86
   Module: Kernel::System::MailAccount::MailAccountFetch Line: 440
   Module: Kernel::System::Console::Command::Maint::PostMaster::MailAccountFetch::Run Line: 94
   Module: (eval) Line: 460
   Module: Kernel::System::Console::BaseCommand::Execute Line: 454
   Module: (eval) Line: 150
   Module: Kernel::System::Daemon::DaemonModules::SchedulerTaskWorker::Cron::Run Line: 129
   Module: Kernel::System::Daemon::DaemonModules::SchedulerTaskWorker::Run Line: 250
   Module: (eval) Line: 316
   Module: main::Start Line: 316
   Module: /opt/otrs//bin/otrs.Daemon.pl Line: 138

ERROR: OTRS-otrs.Console.pl-Maint::PostMaster::MailAccountFetch-27 Perl: 5.16.3 OS: linux Time: Wed Jul 12 09:07:01 2017

 Message: Can't process email with MessageID <<0OSY00HAERNJQY20@claudiusfe.idm.net.lb>>! Please create a bug report with this email (From: proactivemanagedservice@gds.com.lb, Located under var/spool/problem-email*) on http://bugs.otrs.org/!

 Traceback (59330): 
   Module: Kernel::System::PostMaster::NewTicket::Run Line: 483
   Module: Kernel::System::PostMaster::Run Line: 413
   Module: Kernel::System::MailAccount::IMAP::_Fetch Line: 220
   Module: Kernel::System::MailAccount::IMAP::Fetch Line: 86
   Module: Kernel::System::MailAccount::MailAccountFetch Line: 440
   Module: Kernel::System::Console::Command::Maint::PostMaster::MailAccountFetch::Run Line: 94
   Module: (eval) Line: 460
   Module: Kernel::System::Console::BaseCommand::Execute Line: 454
   Module: (eval) Line: 150
   Module: Kernel::System::Daemon::DaemonModules::SchedulerTaskWorker::Cron::Run Line: 129
   Module: Kernel::System::Daemon::DaemonModules::SchedulerTaskWorker::Run Line: 250
   Module: (eval) Line: 316
   Module: main::Start Line: 316
   Module: /opt/otrs//bin/otrs.Daemon.pl Line: 138

ERROR: OTRS-otrs.Console.pl-Maint::PostMaster::MailAccountFetch-27 Perl: 5.16.3 OS: linux Time: Wed Jul 12 09:07:01 2017

 Message: IMAP: Can't process mail, see log sub system (/opt/otrs/var/spool/problem-email-91a0af9bffa818248182efb552be23c2, report it on http://bugs.otrs.org/)!

 Traceback (59330): 
   Module: Kernel::System::MailAccount::IMAP::_Fetch Line: 224
   Module: Kernel::System::MailAccount::IMAP::Fetch Line: 86
   Module: Kernel::System::MailAccount::MailAccountFetch Line: 440
   Module: Kernel::System::Console::Command::Maint::PostMaster::MailAccountFetch::Run Line: 94
   Module: (eval) Line: 460
   Module: Kernel::System::Console::BaseCommand::Execute Line: 454
   Module: (eval) Line: 150
   Module: Kernel::System::Daemon::DaemonModules::SchedulerTaskWorker::Cron::Run Line: 129
   Module: Kernel::System::Daemon::DaemonModules::SchedulerTaskWorker::Run Line: 250
   Module: (eval) Line: 316
   Module: main::Start Line: 316
   Module: /opt/otrs//bin/otrs.Daemon.pl Line: 138



 Traceback (59330): 
   Module: Kernel::System::Daemon::DaemonModules::BaseTaskWorker::_HandleError Line: 51
   Module: Kernel::System::Daemon::DaemonModules::SchedulerTaskWorker::Cron::Run Line: 181
   Module: Kernel::System::Daemon::DaemonModules::SchedulerTaskWorker::Run Line: 250
   Module: (eval) Line: 316
   Module: main::Start Line: 316
   Module: /opt/otrs//bin/otrs.Daemon.pl Line: 138

ERROR: OTRS-otrs.Console.pl-Maint::PostMaster::MailAccountFetch-27 Perl: 5.16.3 OS: linux Time: Wed Jul 12 09:08:01 2017

 Message: There was an error executing Execute() in Kernel::System::Console::Command::Maint::PostMaster::MailAccountFetch: ERROR: OTRS-otrs.Console.pl-Maint::PostMaster::MailAccountFetch-27 Perl: 5.16.3 OS: linux Time: Wed Jul 12 09:08:01 2017

 Message: Can't get ArticleID from insert (TicketID=1015187, MessageID=<0OSY00GS6RPAXT80@claudiusfe.idm.net.lb>)!

 Traceback (59367): 
   Module: Kernel::System::Ticket::Article::ArticleCreate Line: 320
   Module: Kernel::System::PostMaster::NewTicket::Run Line: 455
   Module: Kernel::System::PostMaster::Run Line: 413
   Module: Kernel::System::MailAccount::IMAP::_Fetch Line: 220
   Module: Kernel::System::MailAccount::IMAP::Fetch Line: 86
   Module: Kernel::System::MailAccount::MailAccountFetch Line: 440
   Module: Kernel::System::Console::Command::Maint::PostMaster::MailAccountFetch::Run Line: 94
   Module: (eval) Line: 460
   Module: Kernel::System::Console::BaseCommand::Execute Line: 454
   Module: (eval) Line: 150
   Module: Kernel::System::Daemon::DaemonModules::SchedulerTaskWorker::Cron::Run Line: 129
   Module: Kernel::System::Daemon::DaemonModules::SchedulerTaskWorker::Run Line: 250
   Module: (eval) Line: 316
   Module: main::Start Line: 316
   Module: /opt/otrs//bin/otrs.Daemon.pl Line: 138

ERROR: OTRS-otrs.Console.pl-Maint::PostMaster::MailAccountFetch-27 Perl: 5.16.3 OS: linux Time: Wed Jul 12 09:08:01 2017

 Message: Can't process email with MessageID <<0OSY00GS6RPAXT80@claudiusfe.idm.net.lb>>! Please create a bug report with this email (From: proactivemanagedservice@gds.com.lb, Located under var/spool/problem-email*) on http://bugs.otrs.org/!

 Traceback (59367): 
   Module: Kernel::System::PostMaster::NewTicket::Run Line: 483
   Module: Kernel::System::PostMaster::Run Line: 413
   Module: Kernel::System::MailAccount::IMAP::_Fetch Line: 220
   Module: Kernel::System::MailAccount::IMAP::Fetch Line: 86
   Module: Kernel::System::MailAccount::MailAccountFetch Line: 440
   Module: Kernel::System::Console::Command::Maint::PostMaster::MailAccountFetch::Run Line: 94
   Module: (eval) Line: 460
   Module: Kernel::System::Console::BaseCommand::Execute Line: 454
   Module: (eval) Line: 150
   Module: Kernel::System::Daemon::DaemonModules::SchedulerTaskWorker::Cron::Run Line: 129
   Module: Kernel::System::Daemon::DaemonModules::SchedulerTaskWorker::Run Line: 250
   Module: (eval) Line: 316
   Module: main::Start Line: 316
   Module: /opt/otrs//bin/otrs.Daemon.pl Line: 138

ERROR: OTRS-otrs.Console.pl-Maint::PostMaster::MailAccountFetch-27 Perl: 5.16.3 OS: linux Time: Wed Jul 12 09:08:01 2017

 Message: IMAP: Can't process mail, see log sub system (/opt/otrs/var/spool/problem-email-e40bf0b6ccbd20c61ed1411069d5d567, report it on http://bugs.otrs.org/)!

 Traceback (59367): 
   Module: Kernel::System::MailAccount::IMAP::_Fetch Line: 224
   Module: Kernel::System::MailAccount::IMAP::Fetch Line: 86
   Module: Kernel::System::MailAccount::MailAccountFetch Line: 440
   Module: Kernel::System::Console::Command::Maint::PostMaster::MailAccountFetch::Run Line: 94
   Module: (eval) Line: 460
   Module: Kernel::System::Console::BaseCommand::Execute Line: 454
   Module: (eval) Line: 150
   Module: Kernel::System::Daemon::DaemonModules::SchedulerTaskWorker::Cron::Run Line: 129
   Module: Kernel::System::Daemon::DaemonModules::SchedulerTaskWorker::Run Line: 250
   Module: (eval) Line: 316
   Module: main::Start Line: 316
   Module: /opt/otrs//bin/otrs.Daemon.pl Line: 138



 Traceback (59367): 
   Module: Kernel::System::Daemon::DaemonModules::BaseTaskWorker::_HandleError Line: 51
   Module: Kernel::System::Daemon::DaemonModules::SchedulerTaskWorker::Cron::Run Line: 181
   Module: Kernel::System::Daemon::DaemonModules::SchedulerTaskWorker::Run Line: 250
   Module: (eval) Line: 316
   Module: main::Start Line: 316
   Module: /opt/otrs//bin/otrs.Daemon.pl Line: 138

ERROR: OTRS-otrs.Console.pl-Maint::PostMaster::MailAccountFetch-27 Perl: 5.16.3 OS: linux Time: Wed Jul 12 09:10:02 2017

 Message: There was an error executing Execute() in Kernel::System::Console::Command::Maint::PostMaster::MailAccountFetch: ERROR: OTRS-otrs.Console.pl-Maint::PostMaster::MailAccountFetch-27 Perl: 5.16.3 OS: linux Time: Wed Jul 12 09:10:01 2017

 Message: Can't get ArticleID from insert (TicketID=1015188, MessageID=<0OSY00HJ8RR0QY20@claudiusfe.idm.net.lb>)!

 Traceback (59439): 
   Module: Kernel::System::Ticket::Article::ArticleCreate Line: 320
   Module: Kernel::System::PostMaster::NewTicket::Run Line: 455
   Module: Kernel::System::PostMaster::Run Line: 413
   Module: Kernel::System::MailAccount::IMAP::_Fetch Line: 220
   Module: Kernel::System::MailAccount::IMAP::Fetch Line: 86
   Module: Kernel::System::MailAccount::MailAccountFetch Line: 440
   Module: Kernel::System::Console::Command::Maint::PostMaster::MailAccountFetch::Run Line: 94
   Module: (eval) Line: 460
   Module: Kernel::System::Console::BaseCommand::Execute Line: 454
   Module: (eval) Line: 150
   Module: Kernel::System::Daemon::DaemonModules::SchedulerTaskWorker::Cron::Run Line: 129
   Module: Kernel::System::Daemon::DaemonModules::SchedulerTaskWorker::Run Line: 250
   Module: (eval) Line: 316
   Module: main::Start Line: 316
   Module: /opt/otrs//bin/otrs.Daemon.pl Line: 138

ERROR: OTRS-otrs.Console.pl-Maint::PostMaster::MailAccountFetch-27 Perl: 5.16.3 OS: linux Time: Wed Jul 12 09:10:01 2017

 Message: Can't process email with MessageID <<0OSY00HJ8RR0QY20@claudiusfe.idm.net.lb>>! Please create a bug report with this email (From: proactivemanagedservice@gds.com.lb, Located under var/spool/problem-email*) on http://bugs.otrs.org/!

 Traceback (59439): 
   Module: Kernel::System::PostMaster::NewTicket::Run Line: 483
   Module: Kernel::System::PostMaster::Run Line: 413
   Module: Kernel::System::MailAccount::IMAP::_Fetch Line: 220
   Module: Kernel::System::MailAccount::IMAP::Fetch Line: 86
   Module: Kernel::System::MailAccount::MailAccountFetch Line: 440
   Module: Kernel::System::Console::Command::Maint::PostMaster::MailAccountFetch::Run Line: 94
   Module: (eval) Line: 460
   Module: Kernel::System::Console::BaseCommand::Execute Line: 454
   Module: (eval) Line: 150
   Module: Kernel::System::Daemon::DaemonModules::SchedulerTaskWorker::Cron::Run Line: 129
   Module: Kernel::System::Daemon::DaemonModules::SchedulerTaskWorker::Run Line: 250
   Module: (eval) Line: 316
   Module: main::Start Line: 316
   Module: /opt/otrs//bin/otrs.Daemon.pl Line: 138

ERROR: OTRS-otrs.Console.pl-Maint::PostMaster::MailAccountFetch-27 Perl: 5.16.3 OS: linux Time: Wed Jul 12 09:10:01 2017

 Message: IMAP: Can't process mail, see log sub system (/opt/otrs/var/spool/problem-email-74f0b4a0ffeae7d03390782689846824, report it on http://bugs.otrs.org/)!

 Traceback (59439): 
   Module: Kernel::System::MailAccount::IMAP::_Fetch Line: 224
   Module: Kernel::System::MailAccount::IMAP::Fetch Line: 86
   Module: Kernel::System::MailAccount::MailAccountFetch Line: 440
   Module: Kernel::System::Console::Command::Maint::PostMaster::MailAccountFetch::Run Line: 94
   Module: (eval) Line: 460
   Module: Kernel::System::Console::BaseCommand::Execute Line: 454
   Module: (eval) Line: 150
   Module: Kernel::System::Daemon::DaemonModules::SchedulerTaskWorker::Cron::Run Line: 129
   Module: Kernel::System::Daemon::DaemonModules::SchedulerTaskWorker::Run Line: 250
   Module: (eval) Line: 316
   Module: main::Start Line: 316
   Module: /opt/otrs//bin/otrs.Daemon.pl Line: 138



 Traceback (59439): 
   Module: Kernel::System::Daemon::DaemonModules::BaseTaskWorker::_HandleError Line: 51
   Module: Kernel::System::Daemon::DaemonModules::SchedulerTaskWorker::Cron::Run Line: 181
   Module: Kernel::System::Daemon::DaemonModules::SchedulerTaskWorker::Run Line: 250
   Module: (eval) Line: 316
   Module: main::Start Line: 316
   Module: /opt/otrs//bin/otrs.Daemon.pl Line: 138

ERROR: OTRS-otrs.Console.pl-Maint::PostMaster::MailAccountFetch-27 Perl: 5.16.3 OS: linux Time: Wed Jul 12 09:31:03 2017

 Message: There was an error executing Execute() in Kernel::System::Console::Command::Maint::PostMaster::MailAccountFetch: ERROR: OTRS-otrs.Console.pl-Maint::PostMaster::MailAccountFetch-27 Perl: 5.16.3 OS: linux Time: Wed Jul 12 09:31:03 2017

 Message: Can't get ArticleID from insert (TicketID=1015193, MessageID=<0OSY00HMGSQQQY40@claudiusfe.idm.net.lb>)!

 Traceback (60269): 
   Module: Kernel::System::Ticket::Article::ArticleCreate Line: 320
   Module: Kernel::System::PostMaster::NewTicket::Run Line: 455
   Module: Kernel::System::PostMaster::Run Line: 413
   Module: Kernel::System::MailAccount::IMAP::_Fetch Line: 220
   Module: Kernel::System::MailAccount::IMAP::Fetch Line: 86
   Module: Kernel::System::MailAccount::MailAccountFetch Line: 440
   Module: Kernel::System::Console::Command::Maint::PostMaster::MailAccountFetch::Run Line: 94
   Module: (eval) Line: 460
   Module: Kernel::System::Console::BaseCommand::Execute Line: 454
   Module: (eval) Line: 150
   Module: Kernel::System::Daemon::DaemonModules::SchedulerTaskWorker::Cron::Run Line: 129
   Module: Kernel::System::Daemon::DaemonModules::SchedulerTaskWorker::Run Line: 250
   Module: (eval) Line: 316
   Module: main::Start Line: 316
   Module: /opt/otrs//bin/otrs.Daemon.pl Line: 138

ERROR: OTRS-otrs.Console.pl-Maint::PostMaster::MailAccountFetch-27 Perl: 5.16.3 OS: linux Time: Wed Jul 12 09:31:03 2017

 Message: Can't process email with MessageID <<0OSY00HMGSQQQY40@claudiusfe.idm.net.lb>>! Please create a bug report with this email (From: proactivemanagedservice@gds.com.lb, Located under var/spool/problem-email*) on http://bugs.otrs.org/!

 Traceback (60269): 
   Module: Kernel::System::PostMaster::NewTicket::Run Line: 483
   Module: Kernel::System::PostMaster::Run Line: 413
   Module: Kernel::System::MailAccount::IMAP::_Fetch Line: 220
   Module: Kernel::System::MailAccount::IMAP::Fetch Line: 86
   Module: Kernel::System::MailAccount::MailAccountFetch Line: 440
   Module: Kernel::System::Console::Command::Maint::PostMaster::MailAccountFetch::Run Line: 94
   Module: (eval) Line: 460
   Module: Kernel::System::Console::BaseCommand::Execute Line: 454
   Module: (eval) Line: 150
   Module: Kernel::System::Daemon::DaemonModules::SchedulerTaskWorker::Cron::Run Line: 129
   Module: Kernel::System::Daemon::DaemonModules::SchedulerTaskWorker::Run Line: 250
   Module: (eval) Line: 316
   Module: main::Start Line: 316
   Module: /opt/otrs//bin/otrs.Daemon.pl Line: 138

ERROR: OTRS-otrs.Console.pl-Maint::PostMaster::MailAccountFetch-27 Perl: 5.16.3 OS: linux Time: Wed Jul 12 09:31:03 2017

 Message: IMAP: Can't process mail, see log sub system (/opt/otrs/var/spool/problem-email-ee70ed889093af7febe8221ff2ce0eb9, report it on http://bugs.otrs.org/)!

 Traceback (60269): 
   Module: Kernel::System::MailAccount::IMAP::_Fetch Line: 224
   Module: Kernel::System::MailAccount::IMAP::Fetch Line: 86
   Module: Kernel::System::MailAccount::MailAccountFetch Line: 440
   Module: Kernel::System::Console::Command::Maint::PostMaster::MailAccountFetch::Run Line: 94
   Module: (eval) Line: 460
   Module: Kernel::System::Console::BaseCommand::Execute Line: 454
   Module: (eval) Line: 150
   Module: Kernel::System::Daemon::DaemonModules::SchedulerTaskWorker::Cron::Run Line: 129
   Module: Kernel::System::Daemon::DaemonModules::SchedulerTaskWorker::Run Line: 250
   Module: (eval) Line: 316
   Module: main::Start Line: 316
   Module: /opt/otrs//bin/otrs.Daemon.pl Line: 138

ERROR: OTRS-otrs.Console.pl-Maint::PostMaster::MailAccountFetch-27 Perl: 5.16.3 OS: linux Time: Wed Jul 12 09:31:03 2017

 Message: Can't get ArticleID from insert (TicketID=1015194, MessageID=<0OSY00HMISQRQY40@claudiusfe.idm.net.lb>)!

 Traceback (60269): 
   Module: Kernel::System::Ticket::Article::ArticleCreate Line: 320
   Module: Kernel::System::PostMaster::NewTicket::Run Line: 455
   Module: Kernel::System::PostMaster::Run Line: 413
   Module: Kernel::System::MailAccount::IMAP::_Fetch Line: 220
   Module: Kernel::System::MailAccount::IMAP::Fetch Line: 86
   Module: Kernel::System::MailAccount::MailAccountFetch Line: 440
   Module: Kernel::System::Console::Command::Maint::PostMaster::MailAccountFetch::Run Line: 94
   Module: (eval) Line: 460
   Module: Kernel::System::Console::BaseCommand::Execute Line: 454
   Module: (eval) Line: 150
   Module: Kernel::System::Daemon::DaemonModules::SchedulerTaskWorker::Cron::Run Line: 129
   Module: Kernel::System::Daemon::DaemonModules::SchedulerTaskWorker::Run Line: 250
   Module: (eval) Line: 316
   Module: main::Start Line: 316
   Module: /opt/otrs//bin/otrs.Daemon.pl Line: 138

ERROR: OTRS-otrs.Console.pl-Maint::PostMaster::MailAccountFetch-27 Perl: 5.16.3 OS: linux Time: Wed Jul 12 09:31:03 2017

 Message: Can't process email with MessageID <<0OSY00HMISQRQY40@claudiusfe.idm.net.lb>>! Please create a bug report with this email (From: proactivemanagedservice@gds.com.lb, Located under var/spool/problem-email*) on http://bugs.otrs.org/!

 Traceback (60269): 
   Module: Kernel::System::PostMaster::NewTicket::Run Line: 483
   Module: Kernel::System::PostMaster::Run Line: 413
   Module: Kernel::System::MailAccount::IMAP::_Fetch Line: 220
   Module: Kernel::System::MailAccount::IMAP::Fetch Line: 86
   Module: Kernel::System::MailAccount::MailAccountFetch Line: 440
   Module: Kernel::System::Console::Command::Maint::PostMaster::MailAccountFetch::Run Line: 94
   Module: (eval) Line: 460
   Module: Kernel::System::Console::BaseCommand::Execute Line: 454
   Module: (eval) Line: 150
   Module: Kernel::System::Daemon::DaemonModules::SchedulerTaskWorker::Cron::Run Line: 129
   Module: Kernel::System::Daemon::DaemonModules::SchedulerTaskWorker::Run Line: 250
   Module: (eval) Line: 316
   Module: main::Start Line: 316
   Module: /opt/otrs//bin/otrs.Daemon.pl Line: 138

ERROR: OTRS-otrs.Console.pl-Maint::PostMaster::MailAccountFetch-27 Perl: 5.16.3 OS: linux Time: Wed Jul 12 09:31:03 2017

 Message: IMAP: Can't process mail, see log sub system (/opt/otrs/var/spool/problem-email-1c0dce509bb98155ecce4d890ba46287, report it on http://bugs.otrs.org/)!

 Traceback (60269): 
   Module: Kernel::System::MailAccount::IMAP::_Fetch Line: 224
   Module: Kernel::System::MailAccount::IMAP::Fetch Line: 86
   Module: Kernel::System::MailAccount::MailAccountFetch Line: 440
   Module: Kernel::System::Console::Command::Maint::PostMaster::MailAccountFetch::Run Line: 94
   Module: (eval) Line: 460
   Module: Kernel::System::Console::BaseCommand::Execute Line: 454
   Module: (eval) Line: 150
   Module: Kernel::System::Daemon::DaemonModules::SchedulerTaskWorker::Cron::Run Line: 129
   Module: Kernel::System::Daemon::DaemonModules::SchedulerTaskWorker::Run Line: 250
   Module: (eval) Line: 316
   Module: main::Start Line: 316
   Module: /opt/otrs//bin/otrs.Daemon.pl Line: 138



 Traceback (60269): 
   Module: Kernel::System::Daemon::DaemonModules::BaseTaskWorker::_HandleError Line: 51
   Module: Kernel::System::Daemon::DaemonModules::SchedulerTaskWorker::Cron::Run Line: 181
   Module: Kernel::System::Daemon::DaemonModules::SchedulerTaskWorker::Run Line: 250
   Module: (eval) Line: 316
   Module: main::Start Line: 316
   Module: /opt/otrs//bin/otrs.Daemon.pl Line: 138

ERROR: OTRS-otrs.Console.pl-Maint::PostMaster::MailAccountFetch-27 Perl: 5.16.3 OS: linux Time: Wed Jul 12 09:35:04 2017

 Message: There was an error executing Execute() in Kernel::System::Console::Command::Maint::PostMaster::MailAccountFetch: ERROR: OTRS-otrs.Console.pl-Maint::PostMaster::MailAccountFetch-27 Perl: 5.16.3 OS: linux Time: Wed Jul 12 09:35:04 2017

 Message: Can't get ArticleID from insert (TicketID=1015196, MessageID=<0OSY00IDLSY1J100@claudiusfe.idm.net.lb>)!

 Traceback (60420): 
   Module: Kernel::System::Ticket::Article::ArticleCreate Line: 320
   Module: Kernel::System::PostMaster::NewTicket::Run Line: 455
   Module: Kernel::System::PostMaster::Run Line: 413
   Module: Kernel::System::MailAccount::IMAP::_Fetch Line: 220
   Module: Kernel::System::MailAccount::IMAP::Fetch Line: 86
   Module: Kernel::System::MailAccount::MailAccountFetch Line: 440
   Module: Kernel::System::Console::Command::Maint::PostMaster::MailAccountFetch::Run Line: 94
   Module: (eval) Line: 460
   Module: Kernel::System::Console::BaseCommand::Execute Line: 454
   Module: (eval) Line: 150
   Module: Kernel::System::Daemon::DaemonModules::SchedulerTaskWorker::Cron::Run Line: 129
   Module: Kernel::System::Daemon::DaemonModules::SchedulerTaskWorker::Run Line: 250
   Module: (eval) Line: 316
   Module: main::Start Line: 316
   Module: /opt/otrs//bin/otrs.Daemon.pl Line: 138

ERROR: OTRS-otrs.Console.pl-Maint::PostMaster::MailAccountFetch-27 Perl: 5.16.3 OS: linux Time: Wed Jul 12 09:35:04 2017

 Message: Can't process email with MessageID <<0OSY00IDLSY1J100@claudiusfe.idm.net.lb>>! Please create a bug report with this email (From: proactivemanagedservice@gds.com.lb, Located under var/spool/problem-email*) on http://bugs.otrs.org/!

 Traceback (60420): 
   Module: Kernel::System::PostMaster::NewTicket::Run Line: 483
   Module: Kernel::System::PostMaster::Run Line: 413
   Module: Kernel::System::MailAccount::IMAP::_Fetch Line: 220
   Module: Kernel::System::MailAccount::IMAP::Fetch Line: 86
   Module: Kernel::System::MailAccount::MailAccountFetch Line: 440
   Module: Kernel::System::Console::Command::Maint::PostMaster::MailAccountFetch::Run Line: 94
   Module: (eval) Line: 460
   Module: Kernel::System::Console::BaseCommand::Execute Line: 454
   Module: (eval) Line: 150
   Module: Kernel::System::Daemon::DaemonModules::SchedulerTaskWorker::Cron::Run Line: 129
   Module: Kernel::System::Daemon::DaemonModules::SchedulerTaskWorker::Run Line: 250
   Module: (eval) Line: 316
   Module: main::Start Line: 316
   Module: /opt/otrs//bin/otrs.Daemon.pl Line: 138

ERROR: OTRS-otrs.Console.pl-Maint::PostMaster::MailAccountFetch-27 Perl: 5.16.3 OS: linux Time: Wed Jul 12 09:35:04 2017

 Message: IMAP: Can't process mail, see log sub system (/opt/otrs/var/spool/problem-email-c7adc2f7a1cb522ad71e6b3de5d2f65d, report it on http://bugs.otrs.org/)!

 Traceback (60420): 
   Module: Kernel::System::MailAccount::IMAP::_Fetch Line: 224
   Module: Kernel::System::MailAccount::IMAP::Fetch Line: 86
   Module: Kernel::System::MailAccount::MailAccountFetch Line: 440
   Module: Kernel::System::Console::Command::Maint::PostMaster::MailAccountFetch::Run Line: 94
   Module: (eval) Line: 460
   Module: Kernel::System::Console::BaseCommand::Execute Line: 454
   Module: (eval) Line: 150
   Module: Kernel::System::Daemon::DaemonModules::SchedulerTaskWorker::Cron::Run Line: 129
   Module: Kernel::System::Daemon::DaemonModules::SchedulerTaskWorker::Run Line: 250
   Module: (eval) Line: 316
   Module: main::Start Line: 316
   Module: /opt/otrs//bin/otrs.Daemon.pl Line: 138



 Traceback (60420): 
   Module: Kernel::System::Daemon::DaemonModules::BaseTaskWorker::_HandleError Line: 51
   Module: Kernel::System::Daemon::DaemonModules::SchedulerTaskWorker::Cron::Run Line: 181
   Module: Kernel::System::Daemon::DaemonModules::SchedulerTaskWorker::Run Line: 250
   Module: (eval) Line: 316
   Module: main::Start Line: 316
   Module: /opt/otrs//bin/otrs.Daemon.pl Line: 138

ERROR: OTRS-otrs.Console.pl-Maint::PostMaster::MailAccountFetch-27 Perl: 5.16.3 OS: linux Time: Wed Jul 12 09:37:04 2017

 Message: There was an error executing Execute() in Kernel::System::Console::Command::Maint::PostMaster::MailAccountFetch: ERROR: OTRS-otrs.Console.pl-Maint::PostMaster::MailAccountFetch-27 Perl: 5.16.3 OS: linux Time: Wed Jul 12 09:37:04 2017

 Message: Can't get ArticleID from insert (TicketID=1015199, MessageID=<0OSY005URT0Q9X30@bishop.idm.net.lb>)!

 Traceback (60502): 
   Module: Kernel::System::Ticket::Article::ArticleCreate Line: 320
   Module: Kernel::System::PostMaster::NewTicket::Run Line: 455
   Module: Kernel::System::PostMaster::Run Line: 413
   Module: Kernel::System::MailAccount::IMAP::_Fetch Line: 220
   Module: Kernel::System::MailAccount::IMAP::Fetch Line: 86
   Module: Kernel::System::MailAccount::MailAccountFetch Line: 440
   Module: Kernel::System::Console::Command::Maint::PostMaster::MailAccountFetch::Run Line: 94
   Module: (eval) Line: 460
   Module: Kernel::System::Console::BaseCommand::Execute Line: 454
   Module: (eval) Line: 150
   Module: Kernel::System::Daemon::DaemonModules::SchedulerTaskWorker::Cron::Run Line: 129
   Module: Kernel::System::Daemon::DaemonModules::SchedulerTaskWorker::Run Line: 250
   Module: (eval) Line: 316
   Module: main::Start Line: 316
   Module: /opt/otrs//bin/otrs.Daemon.pl Line: 138

ERROR: OTRS-otrs.Console.pl-Maint::PostMaster::MailAccountFetch-27 Perl: 5.16.3 OS: linux Time: Wed Jul 12 09:37:04 2017

 Message: Can't process email with MessageID <<0OSY005URT0Q9X30@bishop.idm.net.lb>>! Please create a bug report with this email (From: proactivemanagedservice@gds.com.lb, Located under var/spool/problem-email*) on http://bugs.otrs.org/!

 Traceback (60502): 
   Module: Kernel::System::PostMaster::NewTicket::Run Line: 483
   Module: Kernel::System::PostMaster::Run Line: 413
   Module: Kernel::System::MailAccount::IMAP::_Fetch Line: 220
   Module: Kernel::System::MailAccount::IMAP::Fetch Line: 86
   Module: Kernel::System::MailAccount::MailAccountFetch Line: 440
   Module: Kernel::System::Console::Command::Maint::PostMaster::MailAccountFetch::Run Line: 94
   Module: (eval) Line: 460
   Module: Kernel::System::Console::BaseCommand::Execute Line: 454
   Module: (eval) Line: 150
   Module: Kernel::System::Daemon::DaemonModules::SchedulerTaskWorker::Cron::Run Line: 129
   Module: Kernel::System::Daemon::DaemonModules::SchedulerTaskWorker::Run Line: 250
   Module: (eval) Line: 316
   Module: main::Start Line: 316
   Module: /opt/otrs//bin/otrs.Daemon.pl Line: 138

ERROR: OTRS-otrs.Console.pl-Maint::PostMaster::MailAccountFetch-27 Perl: 5.16.3 OS: linux Time: Wed Jul 12 09:37:04 2017

 Message: IMAP: Can't process mail, see log sub system (/opt/otrs/var/spool/problem-email-bc58ba870ac74f49c8e2933fb802f381, report it on http://bugs.otrs.org/)!

 Traceback (60502): 
   Module: Kernel::System::MailAccount::IMAP::_Fetch Line: 224
   Module: Kernel::System::MailAccount::IMAP::Fetch Line: 86
   Module: Kernel::System::MailAccount::MailAccountFetch Line: 440
   Module: Kernel::System::Console::Command::Maint::PostMaster::MailAccountFetch::Run Line: 94
   Module: (eval) Line: 460
   Module: Kernel::System::Console::BaseCommand::Execute Line: 454
   Module: (eval) Line: 150
   Module: Kernel::System::Daemon::DaemonModules::SchedulerTaskWorker::Cron::Run Line: 129
   Module: Kernel::System::Daemon::DaemonModules::SchedulerTaskWorker::Run Line: 250
   Module: (eval) Line: 316
   Module: main::Start Line: 316
   Module: /opt/otrs//bin/otrs.Daemon.pl Line: 138



 Traceback (60502): 
   Module: Kernel::System::Daemon::DaemonModules::BaseTaskWorker::_HandleError Line: 51
   Module: Kernel::System::Daemon::DaemonModules::SchedulerTaskWorker::Cron::Run Line: 181
   Module: Kernel::System::Daemon::DaemonModules::SchedulerTaskWorker::Run Line: 250
   Module: (eval) Line: 316
   Module: main::Start Line: 316
   Module: /opt/otrs//bin/otrs.Daemon.pl Line: 138

ERROR: OTRS-otrs.Console.pl-Maint::PostMaster::MailAccountFetch-27 Perl: 5.16.3 OS: linux Time: Wed Jul 12 09:39:04 2017

 Message: There was an error executing Execute() in Kernel::System::Console::Command::Maint::PostMaster::MailAccountFetch: ERROR: OTRS-otrs.Console.pl-Maint::PostMaster::MailAccountFetch-27 Perl: 5.16.3 OS: linux Time: Wed Jul 12 09:39:04 2017

 Message: Can't get ArticleID from insert (TicketID=1015200, MessageID=<0OSY00H2XT3HQY50@claudiusfe.idm.net.lb>)!

 Traceback (60573): 
   Module: Kernel::System::Ticket::Article::ArticleCreate Line: 320
   Module: Kernel::System::PostMaster::NewTicket::Run Line: 455
   Module: Kernel::System::PostMaster::Run Line: 413
   Module: Kernel::System::MailAccount::IMAP::_Fetch Line: 220
   Module: Kernel::System::MailAccount::IMAP::Fetch Line: 86
   Module: Kernel::System::MailAccount::MailAccountFetch Line: 440
   Module: Kernel::System::Console::Command::Maint::PostMaster::MailAccountFetch::Run Line: 94
   Module: (eval) Line: 460
   Module: Kernel::System::Console::BaseCommand::Execute Line: 454
   Module: (eval) Line: 150
   Module: Kernel::System::Daemon::DaemonModules::SchedulerTaskWorker::Cron::Run Line: 129
   Module: Kernel::System::Daemon::DaemonModules::SchedulerTaskWorker::Run Line: 250
   Module: (eval) Line: 316
   Module: main::Start Line: 316
   Module: /opt/otrs//bin/otrs.Daemon.pl Line: 138

ERROR: OTRS-otrs.Console.pl-Maint::PostMaster::MailAccountFetch-27 Perl: 5.16.3 OS: linux Time: Wed Jul 12 09:39:04 2017

 Message: Can't process email with MessageID <<0OSY00H2XT3HQY50@claudiusfe.idm.net.lb>>! Please create a bug report with this email (From: proactivemanagedservice@gds.com.lb, Located under var/spool/problem-email*) on http://bugs.otrs.org/!

 Traceback (60573): 
   Module: Kernel::System::PostMaster::NewTicket::Run Line: 483
   Module: Kernel::System::PostMaster::Run Line: 413
   Module: Kernel::System::MailAccount::IMAP::_Fetch Line: 220
   Module: Kernel::System::MailAccount::IMAP::Fetch Line: 86
   Module: Kernel::System::MailAccount::MailAccountFetch Line: 440
   Module: Kernel::System::Console::Command::Maint::PostMaster::MailAccountFetch::Run Line: 94
   Module: (eval) Line: 460
   Module: Kernel::System::Console::BaseCommand::Execute Line: 454
   Module: (eval) Line: 150
   Module: Kernel::System::Daemon::DaemonModules::SchedulerTaskWorker::Cron::Run Line: 129
   Module: Kernel::System::Daemon::DaemonModules::SchedulerTaskWorker::Run Line: 250
   Module: (eval) Line: 316
   Module: main::Start Line: 316
   Module: /opt/otrs//bin/otrs.Daemon.pl Line: 138

ERROR: OTRS-otrs.Console.pl-Maint::PostMaster::MailAccountFetch-27 Perl: 5.16.3 OS: linux Time: Wed Jul 12 09:39:04 2017

 Message: IMAP: Can't process mail, see log sub system (/opt/otrs/var/spool/problem-email-e92ac5eb8e5b2f1fd76913c39b112605, report it on http://bugs.otrs.org/)!

 Traceback (60573): 
   Module: Kernel::System::MailAccount::IMAP::_Fetch Line: 224
   Module: Kernel::System::MailAccount::IMAP::Fetch Line: 86
   Module: Kernel::System::MailAccount::MailAccountFetch Line: 440
   Module: Kernel::System::Console::Command::Maint::PostMaster::MailAccountFetch::Run Line: 94
   Module: (eval) Line: 460
   Module: Kernel::System::Console::BaseCommand::Execute Line: 454
   Module: (eval) Line: 150
   Module: Kernel::System::Daemon::DaemonModules::SchedulerTaskWorker::Cron::Run Line: 129
   Module: Kernel::System::Daemon::DaemonModules::SchedulerTaskWorker::Run Line: 250
   Module: (eval) Line: 316
   Module: main::Start Line: 316
   Module: /opt/otrs//bin/otrs.Daemon.pl Line: 138



 Traceback (60573): 
   Module: Kernel::System::Daemon::DaemonModules::BaseTaskWorker::_HandleError Line: 51
   Module: Kernel::System::Daemon::DaemonModules::SchedulerTaskWorker::Cron::Run Line: 181
   Module: Kernel::System::Daemon::DaemonModules::SchedulerTaskWorker::Run Line: 250
   Module: (eval) Line: 316
   Module: main::Start Line: 316
   Module: /opt/otrs//bin/otrs.Daemon.pl Line: 138

ERROR: OTRS-otrs.Console.pl-Maint::PostMaster::MailAccountFetch-27 Perl: 5.16.3 OS: linux Time: Wed Jul 12 09:41:04 2017

 Message: There was an error executing Execute() in Kernel::System::Console::Command::Maint::PostMaster::MailAccountFetch: ERROR: OTRS-otrs.Console.pl-Maint::PostMaster::MailAccountFetch-27 Perl: 5.16.3 OS: linux Time: Wed Jul 12 09:41:04 2017

 Message: Can't get ArticleID from insert (TicketID=1015201, MessageID=<0OSY00H92T7YQY50@claudiusfe.idm.net.lb>)!

 Traceback (60661): 
   Module: Kernel::System::Ticket::Article::ArticleCreate Line: 320
   Module: Kernel::System::PostMaster::NewTicket::Run Line: 455
   Module: Kernel::System::PostMaster::Run Line: 413
   Module: Kernel::System::MailAccount::IMAP::_Fetch Line: 220
   Module: Kernel::System::MailAccount::IMAP::Fetch Line: 86
   Module: Kernel::System::MailAccount::MailAccountFetch Line: 440
   Module: Kernel::System::Console::Command::Maint::PostMaster::MailAccountFetch::Run Line: 94
   Module: (eval) Line: 460
   Module: Kernel::System::Console::BaseCommand::Execute Line: 454
   Module: (eval) Line: 150
   Module: Kernel::System::Daemon::DaemonModules::SchedulerTaskWorker::Cron::Run Line: 129
   Module: Kernel::System::Daemon::DaemonModules::SchedulerTaskWorker::Run Line: 250
   Module: (eval) Line: 316
   Module: main::Start Line: 316
   Module: /opt/otrs//bin/otrs.Daemon.pl Line: 138

ERROR: OTRS-otrs.Console.pl-Maint::PostMaster::MailAccountFetch-27 Perl: 5.16.3 OS: linux Time: Wed Jul 12 09:41:04 2017

 Message: Can't process email with MessageID <<0OSY00H92T7YQY50@claudiusfe.idm.net.lb>>! Please create a bug report with this email (From: proactivemanagedservice@gds.com.lb, Located under var/spool/problem-email*) on http://bugs.otrs.org/!

 Traceback (60661): 
   Module: Kernel::System::PostMaster::NewTicket::Run Line: 483
   Module: Kernel::System::PostMaster::Run Line: 413
   Module: Kernel::System::MailAccount::IMAP::_Fetch Line: 220
   Module: Kernel::System::MailAccount::IMAP::Fetch Line: 86
   Module: Kernel::System::MailAccount::MailAccountFetch Line: 440
   Module: Kernel::System::Console::Command::Maint::PostMaster::MailAccountFetch::Run Line: 94
   Module: (eval) Line: 460
   Module: Kernel::System::Console::BaseCommand::Execute Line: 454
   Module: (eval) Line: 150
   Module: Kernel::System::Daemon::DaemonModules::SchedulerTaskWorker::Cron::Run Line: 129
   Module: Kernel::System::Daemon::DaemonModules::SchedulerTaskWorker::Run Line: 250
   Module: (eval) Line: 316
   Module: main::Start Line: 316
   Module: /opt/otrs//bin/otrs.Daemon.pl Line: 138

ERROR: OTRS-otrs.Console.pl-Maint::PostMaster::MailAccountFetch-27 Perl: 5.16.3 OS: linux Time: Wed Jul 12 09:41:04 2017

 Message: IMAP: Can't process mail, see log sub system (/opt/otrs/var/spool/problem-email-aa8f1e824753384a1224480bc7b02970, report it on http://bugs.otrs.org/)!

 Traceback (60661): 
   Module: Kernel::System::MailAccount::IMAP::_Fetch Line: 224
   Module: Kernel::System::MailAccount::IMAP::Fetch Line: 86
   Module: Kernel::System::MailAccount::MailAccountFetch Line: 440
   Module: Kernel::System::Console::Command::Maint::PostMaster::MailAccountFetch::Run Line: 94
   Module: (eval) Line: 460
   Module: Kernel::System::Console::BaseCommand::Execute Line: 454
   Module: (eval) Line: 150
   Module: Kernel::System::Daemon::DaemonModules::SchedulerTaskWorker::Cron::Run Line: 129
   Module: Kernel::System::Daemon::DaemonModules::SchedulerTaskWorker::Run Line: 250
   Module: (eval) Line: 316
   Module: main::Start Line: 316
   Module: /opt/otrs//bin/otrs.Daemon.pl Line: 138



 Traceback (60661): 
   Module: Kernel::System::Daemon::DaemonModules::BaseTaskWorker::_HandleError Line: 51
   Module: Kernel::System::Daemon::DaemonModules::SchedulerTaskWorker::Cron::Run Line: 181
   Module: Kernel::System::Daemon::DaemonModules::SchedulerTaskWorker::Run Line: 250
   Module: (eval) Line: 316
   Module: main::Start Line: 316
   Module: /opt/otrs//bin/otrs.Daemon.pl Line: 138

ERROR: OTRS-otrs.Console.pl-Maint::PostMaster::MailAccountFetch-27 Perl: 5.16.3 OS: linux Time: Wed Jul 12 09:43:04 2017

 Message: There was an error executing Execute() in Kernel::System::Console::Command::Maint::PostMaster::MailAccountFetch: ERROR: OTRS-otrs.Console.pl-Maint::PostMaster::MailAccountFetch-27 Perl: 5.16.3 OS: linux Time: Wed Jul 12 09:43:04 2017

 Message: Can't get ArticleID from insert (TicketID=1015202, MessageID=<0OSY00ITATAHJ100@claudiusfe.idm.net.lb>)!

 Traceback (60732): 
   Module: Kernel::System::Ticket::Article::ArticleCreate Line: 320
   Module: Kernel::System::PostMaster::NewTicket::Run Line: 455
   Module: Kernel::System::PostMaster::Run Line: 413
   Module: Kernel::System::MailAccount::IMAP::_Fetch Line: 220
   Module: Kernel::System::MailAccount::IMAP::Fetch Line: 86
   Module: Kernel::System::MailAccount::MailAccountFetch Line: 440
   Module: Kernel::System::Console::Command::Maint::PostMaster::MailAccountFetch::Run Line: 94
   Module: (eval) Line: 460
   Module: Kernel::System::Console::BaseCommand::Execute Line: 454
   Module: (eval) Line: 150
   Module: Kernel::System::Daemon::DaemonModules::SchedulerTaskWorker::Cron::Run Line: 129
   Module: Kernel::System::Daemon::DaemonModules::SchedulerTaskWorker::Run Line: 250
   Module: (eval) Line: 316
   Module: main::Start Line: 316
   Module: /opt/otrs//bin/otrs.Daemon.pl Line: 138

ERROR: OTRS-otrs.Console.pl-Maint::PostMaster::MailAccountFetch-27 Perl: 5.16.3 OS: linux Time: Wed Jul 12 09:43:04 2017

 Message: Can't process email with MessageID <<0OSY00ITATAHJ100@claudiusfe.idm.net.lb>>! Please create a bug report with this email (From: proactivemanagedservice@gds.com.lb, Located under var/spool/problem-email*) on http://bugs.otrs.org/!

 Traceback (60732): 
   Module: Kernel::System::PostMaster::NewTicket::Run Line: 483
   Module: Kernel::System::PostMaster::Run Line: 413
   Module: Kernel::System::MailAccount::IMAP::_Fetch Line: 220
   Module: Kernel::System::MailAccount::IMAP::Fetch Line: 86
   Module: Kernel::System::MailAccount::MailAccountFetch Line: 440
   Module: Kernel::System::Console::Command::Maint::PostMaster::MailAccountFetch::Run Line: 94
   Module: (eval) Line: 460
   Module: Kernel::System::Console::BaseCommand::Execute Line: 454
   Module: (eval) Line: 150
   Module: Kernel::System::Daemon::DaemonModules::SchedulerTaskWorker::Cron::Run Line: 129
   Module: Kernel::System::Daemon::DaemonModules::SchedulerTaskWorker::Run Line: 250
   Module: (eval) Line: 316
   Module: main::Start Line: 316
   Module: /opt/otrs//bin/otrs.Daemon.pl Line: 138

ERROR: OTRS-otrs.Console.pl-Maint::PostMaster::MailAccountFetch-27 Perl: 5.16.3 OS: linux Time: Wed Jul 12 09:43:04 2017

 Message: IMAP: Can't process mail, see log sub system (/opt/otrs/var/spool/problem-email-1133660b81974253c14309a9e3956132, report it on http://bugs.otrs.org/)!

 Traceback (60732): 
   Module: Kernel::System::MailAccount::IMAP::_Fetch Line: 224
   Module: Kernel::System::MailAccount::IMAP::Fetch Line: 86
   Module: Kernel::System::MailAccount::MailAccountFetch Line: 440
   Module: Kernel::System::Console::Command::Maint::PostMaster::MailAccountFetch::Run Line: 94
   Module: (eval) Line: 460
   Module: Kernel::System::Console::BaseCommand::Execute Line: 454
   Module: (eval) Line: 150
   Module: Kernel::System::Daemon::DaemonModules::SchedulerTaskWorker::Cron::Run Line: 129
   Module: Kernel::System::Daemon::DaemonModules::SchedulerTaskWorker::Run Line: 250
   Module: (eval) Line: 316
   Module: main::Start Line: 316
   Module: /opt/otrs//bin/otrs.Daemon.pl Line: 138



 Traceback (60732): 
   Module: Kernel::System::Daemon::DaemonModules::BaseTaskWorker::_HandleError Line: 51
   Module: Kernel::System::Daemon::DaemonModules::SchedulerTaskWorker::Cron::Run Line: 181
   Module: Kernel::System::Daemon::DaemonModules::SchedulerTaskWorker::Run Line: 250
   Module: (eval) Line: 316
   Module: main::Start Line: 316
   Module: /opt/otrs//bin/otrs.Daemon.pl Line: 138

ERROR: OTRS-otrs.Console.pl-Maint::PostMaster::MailAccountFetch-27 Perl: 5.16.3 OS: linux Time: Wed Jul 12 09:44:04 2017

 Message: There was an error executing Execute() in Kernel::System::Console::Command::Maint::PostMaster::MailAccountFetch: ERROR: OTRS-otrs.Console.pl-Maint::PostMaster::MailAccountFetch-27 Perl: 5.16.3 OS: linux Time: Wed Jul 12 09:44:04 2017

 Message: Can't get ArticleID from insert (TicketID=1015203, MessageID=<0OSY00GYTTBXXTA0@claudiusfe.idm.net.lb>)!

 Traceback (60769): 
   Module: Kernel::System::Ticket::Article::ArticleCreate Line: 320
   Module: Kernel::System::PostMaster::NewTicket::Run Line: 455
   Module: Kernel::System::PostMaster::Run Line: 413
   Module: Kernel::System::MailAccount::IMAP::_Fetch Line: 220
   Module: Kernel::System::MailAccount::IMAP::Fetch Line: 86
   Module: Kernel::System::MailAccount::MailAccountFetch Line: 440
   Module: Kernel::System::Console::Command::Maint::PostMaster::MailAccountFetch::Run Line: 94
   Module: (eval) Line: 460
   Module: Kernel::System::Console::BaseCommand::Execute Line: 454
   Module: (eval) Line: 150
   Module: Kernel::System::Daemon::DaemonModules::SchedulerTaskWorker::Cron::Run Line: 129
   Module: Kernel::System::Daemon::DaemonModules::SchedulerTaskWorker::Run Line: 250
   Module: (eval) Line: 316
   Module: main::Start Line: 316
   Module: /opt/otrs//bin/otrs.Daemon.pl Line: 138

ERROR: OTRS-otrs.Console.pl-Maint::PostMaster::MailAccountFetch-27 Perl: 5.16.3 OS: linux Time: Wed Jul 12 09:44:04 2017

 Message: Can't process email with MessageID <<0OSY00GYTTBXXTA0@claudiusfe.idm.net.lb>>! Please create a bug report with this email (From: proactivemanagedservice@gds.com.lb, Located under var/spool/problem-email*) on http://bugs.otrs.org/!

 Traceback (60769): 
   Module: Kernel::System::PostMaster::NewTicket::Run Line: 483
   Module: Kernel::System::PostMaster::Run Line: 413
   Module: Kernel::System::MailAccount::IMAP::_Fetch Line: 220
   Module: Kernel::System::MailAccount::IMAP::Fetch Line: 86
   Module: Kernel::System::MailAccount::MailAccountFetch Line: 440
   Module: Kernel::System::Console::Command::Maint::PostMaster::MailAccountFetch::Run Line: 94
   Module: (eval) Line: 460
   Module: Kernel::System::Console::BaseCommand::Execute Line: 454
   Module: (eval) Line: 150
   Module: Kernel::System::Daemon::DaemonModules::SchedulerTaskWorker::Cron::Run Line: 129
   Module: Kernel::System::Daemon::DaemonModules::SchedulerTaskWorker::Run Line: 250
   Module: (eval) Line: 316
   Module: main::Start Line: 316
   Module: /opt/otrs//bin/otrs.Daemon.pl Line: 138

ERROR: OTRS-otrs.Console.pl-Maint::PostMaster::MailAccountFetch-27 Perl: 5.16.3 OS: linux Time: Wed Jul 12 09:44:04 2017

 Message: IMAP: Can't process mail, see log sub system (/opt/otrs/var/spool/problem-email-3633c73831578ab296eb7179df2da9bd, report it on http://bugs.otrs.org/)!

 Traceback (60769): 
   Module: Kernel::System::MailAccount::IMAP::_Fetch Line: 224
   Module: Kernel::System::MailAccount::IMAP::Fetch Line: 86
   Module: Kernel::System::MailAccount::MailAccountFetch Line: 440
   Module: Kernel::System::Console::Command::Maint::PostMaster::MailAccountFetch::Run Line: 94
   Module: (eval) Line: 460
   Module: Kernel::System::Console::BaseCommand::Execute Line: 454
   Module: (eval) Line: 150
   Module: Kernel::System::Daemon::DaemonModules::SchedulerTaskWorker::Cron::Run Line: 129
   Module: Kernel::System::Daemon::DaemonModules::SchedulerTaskWorker::Run Line: 250
   Module: (eval) Line: 316
   Module: main::Start Line: 316
   Module: /opt/otrs//bin/otrs.Daemon.pl Line: 138



 Traceback (60769): 
   Module: Kernel::System::Daemon::DaemonModules::BaseTaskWorker::_HandleError Line: 51
   Module: Kernel::System::Daemon::DaemonModules::SchedulerTaskWorker::Cron::Run Line: 181
   Module: Kernel::System::Daemon::DaemonModules::SchedulerTaskWorker::Run Line: 250
   Module: (eval) Line: 316
   Module: main::Start Line: 316
   Module: /opt/otrs//bin/otrs.Daemon.pl Line: 138

ERROR: OTRS-otrs.Console.pl-Maint::PostMaster::MailAccountFetch-27 Perl: 5.16.3 OS: linux Time: Wed Jul 12 09:54:05 2017

 Message: There was an error executing Execute() in Kernel::System::Console::Command::Maint::PostMaster::MailAccountFetch: ERROR: OTRS-otrs.Console.pl-Maint::PostMaster::MailAccountFetch-27 Perl: 5.16.3 OS: linux Time: Wed Jul 12 09:54:05 2017

 Message: Can't get ArticleID from insert (TicketID=1015221, MessageID=<0OSY00I4KTTLTH00@claudiusfe.idm.net.lb>)!

 Traceback (61149): 
   Module: Kernel::System::Ticket::Article::ArticleCreate Line: 320
   Module: Kernel::System::PostMaster::NewTicket::Run Line: 455
   Module: Kernel::System::PostMaster::Run Line: 413
   Module: Kernel::System::MailAccount::IMAP::_Fetch Line: 220
   Module: Kernel::System::MailAccount::IMAP::Fetch Line: 86
   Module: Kernel::System::MailAccount::MailAccountFetch Line: 440
   Module: Kernel::System::Console::Command::Maint::PostMaster::MailAccountFetch::Run Line: 94
   Module: (eval) Line: 460
   Module: Kernel::System::Console::BaseCommand::Execute Line: 454
   Module: (eval) Line: 150
   Module: Kernel::System::Daemon::DaemonModules::SchedulerTaskWorker::Cron::Run Line: 129
   Module: Kernel::System::Daemon::DaemonModules::SchedulerTaskWorker::Run Line: 250
   Module: (eval) Line: 316
   Module: main::Start Line: 316
   Module: /opt/otrs//bin/otrs.Daemon.pl Line: 138

ERROR: OTRS-otrs.Console.pl-Maint::PostMaster::MailAccountFetch-27 Perl: 5.16.3 OS: linux Time: Wed Jul 12 09:54:05 2017

 Message: Can't process email with MessageID <<0OSY00I4KTTLTH00@claudiusfe.idm.net.lb>>! Please create a bug report with this email (From: proactivemanagedservice@gds.com.lb, Located under var/spool/problem-email*) on http://bugs.otrs.org/!

 Traceback (61149): 
   Module: Kernel::System::PostMaster::NewTicket::Run Line: 483
   Module: Kernel::System::PostMaster::Run Line: 413
   Module: Kernel::System::MailAccount::IMAP::_Fetch Line: 220
   Module: Kernel::System::MailAccount::IMAP::Fetch Line: 86
   Module: Kernel::System::MailAccount::MailAccountFetch Line: 440
   Module: Kernel::System::Console::Command::Maint::PostMaster::MailAccountFetch::Run Line: 94
   Module: (eval) Line: 460
   Module: Kernel::System::Console::BaseCommand::Execute Line: 454
   Module: (eval) Line: 150
   Module: Kernel::System::Daemon::DaemonModules::SchedulerTaskWorker::Cron::Run Line: 129
   Module: Kernel::System::Daemon::DaemonModules::SchedulerTaskWorker::Run Line: 250
   Module: (eval) Line: 316
   Module: main::Start Line: 316
   Module: /opt/otrs//bin/otrs.Daemon.pl Line: 138

ERROR: OTRS-otrs.Console.pl-Maint::PostMaster::MailAccountFetch-27 Perl: 5.16.3 OS: linux Time: Wed Jul 12 09:54:05 2017

 Message: IMAP: Can't process mail, see log sub system (/opt/otrs/var/spool/problem-email-ad72a3ba628ef3b41ee9f233877a7578, report it on http://bugs.otrs.org/)!

 Traceback (61149): 
   Module: Kernel::System::MailAccount::IMAP::_Fetch Line: 224
   Module: Kernel::System::MailAccount::IMAP::Fetch Line: 86
   Module: Kernel::System::MailAccount::MailAccountFetch Line: 440
   Module: Kernel::System::Console::Command::Maint::PostMaster::MailAccountFetch::Run Line: 94
   Module: (eval) Line: 460
   Module: Kernel::System::Console::BaseCommand::Execute Line: 454
   Module: (eval) Line: 150
   Module: Kernel::System::Daemon::DaemonModules::SchedulerTaskWorker::Cron::Run Line: 129
   Module: Kernel::System::Daemon::DaemonModules::SchedulerTaskWorker::Run Line: 250
   Module: (eval) Line: 316
   Module: main::Start Line: 316
   Module: /opt/otrs//bin/otrs.Daemon.pl Line: 138



 Traceback (61149): 
   Module: Kernel::System::Daemon::DaemonModules::BaseTaskWorker::_HandleError Line: 51
   Module: Kernel::System::Daemon::DaemonModules::SchedulerTaskWorker::Cron::Run Line: 181
   Module: Kernel::System::Daemon::DaemonModules::SchedulerTaskWorker::Run Line: 250
   Module: (eval) Line: 316
   Module: main::Start Line: 316
   Module: /opt/otrs//bin/otrs.Daemon.pl Line: 138

ERROR: OTRS-otrs.Console.pl-Maint::PostMaster::MailAccountFetch-27 Perl: 5.16.3 OS: linux Time: Wed Jul 12 09:55:06 2017

 Message: There was an error executing Execute() in Kernel::System::Console::Command::Maint::PostMaster::MailAccountFetch: ERROR: OTRS-otrs.Console.pl-Maint::PostMaster::MailAccountFetch-27 Perl: 5.16.3 OS: linux Time: Wed Jul 12 09:55:05 2017

 Message: Can't get ArticleID from insert (TicketID=1015222, MessageID=<0OSY00I8HTUGTH00@claudiusfe.idm.net.lb>)!

 Traceback (61194): 
   Module: Kernel::System::Ticket::Article::ArticleCreate Line: 320
   Module: Kernel::System::PostMaster::NewTicket::Run Line: 455
   Module: Kernel::System::PostMaster::Run Line: 413
   Module: Kernel::System::MailAccount::IMAP::_Fetch Line: 220
   Module: Kernel::System::MailAccount::IMAP::Fetch Line: 86
   Module: Kernel::System::MailAccount::MailAccountFetch Line: 440
   Module: Kernel::System::Console::Command::Maint::PostMaster::MailAccountFetch::Run Line: 94
   Module: (eval) Line: 460
   Module: Kernel::System::Console::BaseCommand::Execute Line: 454
   Module: (eval) Line: 150
   Module: Kernel::System::Daemon::DaemonModules::SchedulerTaskWorker::Cron::Run Line: 129
   Module: Kernel::System::Daemon::DaemonModules::SchedulerTaskWorker::Run Line: 250
   Module: (eval) Line: 316
   Module: main::Start Line: 316
   Module: /opt/otrs//bin/otrs.Daemon.pl Line: 138

ERROR: OTRS-otrs.Console.pl-Maint::PostMaster::MailAccountFetch-27 Perl: 5.16.3 OS: linux Time: Wed Jul 12 09:55:05 2017

 Message: Can't process email with MessageID <<0OSY00I8HTUGTH00@claudiusfe.idm.net.lb>>! Please create a bug report with this email (From: proactivemanagedservice@gds.com.lb, Located under var/spool/problem-email*) on http://bugs.otrs.org/!

 Traceback (61194): 
   Module: Kernel::System::PostMaster::NewTicket::Run Line: 483
   Module: Kernel::System::PostMaster::Run Line: 413
   Module: Kernel::System::MailAccount::IMAP::_Fetch Line: 220
   Module: Kernel::System::MailAccount::IMAP::Fetch Line: 86
   Module: Kernel::System::MailAccount::MailAccountFetch Line: 440
   Module: Kernel::System::Console::Command::Maint::PostMaster::MailAccountFetch::Run Line: 94
   Module: (eval) Line: 460
   Module: Kernel::System::Console::BaseCommand::Execute Line: 454
   Module: (eval) Line: 150
   Module: Kernel::System::Daemon::DaemonModules::SchedulerTaskWorker::Cron::Run Line: 129
   Module: Kernel::System::Daemon::DaemonModules::SchedulerTaskWorker::Run Line: 250
   Module: (eval) Line: 316
   Module: main::Start Line: 316
   Module: /opt/otrs//bin/otrs.Daemon.pl Line: 138

ERROR: OTRS-otrs.Console.pl-Maint::PostMaster::MailAccountFetch-27 Perl: 5.16.3 OS: linux Time: Wed Jul 12 09:55:05 2017

 Message: IMAP: Can't process mail, see log sub system (/opt/otrs/var/spool/problem-email-0ea725e34c572893419befa1aefba300, report it on http://bugs.otrs.org/)!

 Traceback (61194): 
   Module: Kernel::System::MailAccount::IMAP::_Fetch Line: 224
   Module: Kernel::System::MailAccount::IMAP::Fetch Line: 86
   Module: Kernel::System::MailAccount::MailAccountFetch Line: 440
   Module: Kernel::System::Console::Command::Maint::PostMaster::MailAccountFetch::Run Line: 94
   Module: (eval) Line: 460
   Module: Kernel::System::Console::BaseCommand::Execute Line: 454
   Module: (eval) Line: 150
   Module: Kernel::System::Daemon::DaemonModules::SchedulerTaskWorker::Cron::Run Line: 129
   Module: Kernel::System::Daemon::DaemonModules::SchedulerTaskWorker::Run Line: 250
   Module: (eval) Line: 316
   Module: main::Start Line: 316
   Module: /opt/otrs//bin/otrs.Daemon.pl Line: 138



 Traceback (61194): 
   Module: Kernel::System::Daemon::DaemonModules::BaseTaskWorker::_HandleError Line: 51
   Module: Kernel::System::Daemon::DaemonModules::SchedulerTaskWorker::Cron::Run Line: 181
   Module: Kernel::System::Daemon::DaemonModules::SchedulerTaskWorker::Run Line: 250
   Module: (eval) Line: 316
   Module: main::Start Line: 316
   Module: /opt/otrs//bin/otrs.Daemon.pl Line: 138

ERROR: OTRS-otrs.Console.pl-Maint::PostMaster::MailAccountFetch-27 Perl: 5.16.3 OS: linux Time: Wed Jul 12 09:56:05 2017

 Message: There was an error executing Execute() in Kernel::System::Console::Command::Maint::PostMaster::MailAccountFetch: ERROR: OTRS-otrs.Console.pl-Maint::PostMaster::MailAccountFetch-27 Perl: 5.16.3 OS: linux Time: Wed Jul 12 09:56:05 2017

 Message: Can't get ArticleID from insert (TicketID=1015224, MessageID=<0OSY00INZTWGJ110@claudiusfe.idm.net.lb>)!

 Traceback (61240): 
   Module: Kernel::System::Ticket::Article::ArticleCreate Line: 320
   Module: Kernel::System::PostMaster::NewTicket::Run Line: 455
   Module: Kernel::System::PostMaster::Run Line: 413
   Module: Kernel::System::MailAccount::IMAP::_Fetch Line: 220
   Module: Kernel::System::MailAccount::IMAP::Fetch Line: 86
   Module: Kernel::System::MailAccount::MailAccountFetch Line: 440
   Module: Kernel::System::Console::Command::Maint::PostMaster::MailAccountFetch::Run Line: 94
   Module: (eval) Line: 460
   Module: Kernel::System::Console::BaseCommand::Execute Line: 454
   Module: (eval) Line: 150
   Module: Kernel::System::Daemon::DaemonModules::SchedulerTaskWorker::Cron::Run Line: 129
   Module: Kernel::System::Daemon::DaemonModules::SchedulerTaskWorker::Run Line: 250
   Module: (eval) Line: 316
   Module: main::Start Line: 316
   Module: /opt/otrs//bin/otrs.Daemon.pl Line: 138

ERROR: OTRS-otrs.Console.pl-Maint::PostMaster::MailAccountFetch-27 Perl: 5.16.3 OS: linux Time: Wed Jul 12 09:56:05 2017

 Message: Can't process email with MessageID <<0OSY00INZTWGJ110@claudiusfe.idm.net.lb>>! Please create a bug report with this email (From: proactivemanagedservice@gds.com.lb, Located under var/spool/problem-email*) on http://bugs.otrs.org/!

 Traceback (61240): 
   Module: Kernel::System::PostMaster::NewTicket::Run Line: 483
   Module: Kernel::System::PostMaster::Run Line: 413
   Module: Kernel::System::MailAccount::IMAP::_Fetch Line: 220
   Module: Kernel::System::MailAccount::IMAP::Fetch Line: 86
   Module: Kernel::System::MailAccount::MailAccountFetch Line: 440
   Module: Kernel::System::Console::Command::Maint::PostMaster::MailAccountFetch::Run Line: 94
   Module: (eval) Line: 460
   Module: Kernel::System::Console::BaseCommand::Execute Line: 454
   Module: (eval) Line: 150
   Module: Kernel::System::Daemon::DaemonModules::SchedulerTaskWorker::Cron::Run Line: 129
   Module: Kernel::System::Daemon::DaemonModules::SchedulerTaskWorker::Run Line: 250
   Module: (eval) Line: 316
   Module: main::Start Line: 316
   Module: /opt/otrs//bin/otrs.Daemon.pl Line: 138

ERROR: OTRS-otrs.Console.pl-Maint::PostMaster::MailAccountFetch-27 Perl: 5.16.3 OS: linux Time: Wed Jul 12 09:56:05 2017

 Message: IMAP: Can't process mail, see log sub system (/opt/otrs/var/spool/problem-email-8d99e2f6f982d550c13c405f18f740ec, report it on http://bugs.otrs.org/)!

 Traceback (61240): 
   Module: Kernel::System::MailAccount::IMAP::_Fetch Line: 224
   Module: Kernel::System::MailAccount::IMAP::Fetch Line: 86
   Module: Kernel::System::MailAccount::MailAccountFetch Line: 440
   Module: Kernel::System::Console::Command::Maint::PostMaster::MailAccountFetch::Run Line: 94
   Module: (eval) Line: 460
   Module: Kernel::System::Console::BaseCommand::Execute Line: 454
   Module: (eval) Line: 150
   Module: Kernel::System::Daemon::DaemonModules::SchedulerTaskWorker::Cron::Run Line: 129
   Module: Kernel::System::Daemon::DaemonModules::SchedulerTaskWorker::Run Line: 250
   Module: (eval) Line: 316
   Module: main::Start Line: 316
   Module: /opt/otrs//bin/otrs.Daemon.pl Line: 138



 Traceback (61240): 
   Module: Kernel::System::Daemon::DaemonModules::BaseTaskWorker::_HandleError Line: 51
   Module: Kernel::System::Daemon::DaemonModules::SchedulerTaskWorker::Cron::Run Line: 181
   Module: Kernel::System::Daemon::DaemonModules::SchedulerTaskWorker::Run Line: 250
   Module: (eval) Line: 316
   Module: main::Start Line: 316
   Module: /opt/otrs//bin/otrs.Daemon.pl Line: 138

ERROR: OTRS-otrs.Console.pl-Maint::PostMaster::MailAccountFetch-27 Perl: 5.16.3 OS: linux Time: Wed Jul 12 09:57:05 2017

 Message: There was an error executing Execute() in Kernel::System::Console::Command::Maint::PostMaster::MailAccountFetch: ERROR: OTRS-otrs.Console.pl-Maint::PostMaster::MailAccountFetch-27 Perl: 5.16.3 OS: linux Time: Wed Jul 12 09:57:05 2017

 Message: Can't get ArticleID from insert (TicketID=1015225, MessageID=<0OSY00IHQTYGTH00@claudiusfe.idm.net.lb>)!

 Traceback (61276): 
   Module: Kernel::System::Ticket::Article::ArticleCreate Line: 320
   Module: Kernel::System::PostMaster::NewTicket::Run Line: 455
   Module: Kernel::System::PostMaster::Run Line: 413
   Module: Kernel::System::MailAccount::IMAP::_Fetch Line: 220
   Module: Kernel::System::MailAccount::IMAP::Fetch Line: 86
   Module: Kernel::System::MailAccount::MailAccountFetch Line: 440
   Module: Kernel::System::Console::Command::Maint::PostMaster::MailAccountFetch::Run Line: 94
   Module: (eval) Line: 460
   Module: Kernel::System::Console::BaseCommand::Execute Line: 454
   Module: (eval) Line: 150
   Module: Kernel::System::Daemon::DaemonModules::SchedulerTaskWorker::Cron::Run Line: 129
   Module: Kernel::System::Daemon::DaemonModules::SchedulerTaskWorker::Run Line: 250
   Module: (eval) Line: 316
   Module: main::Start Line: 316
   Module: /opt/otrs//bin/otrs.Daemon.pl Line: 138

ERROR: OTRS-otrs.Console.pl-Maint::PostMaster::MailAccountFetch-27 Perl: 5.16.3 OS: linux Time: Wed Jul 12 09:57:05 2017

 Message: Can't process email with MessageID <<0OSY00IHQTYGTH00@claudiusfe.idm.net.lb>>! Please create a bug report with this email (From: proactivemanagedservice@gds.com.lb, Located under var/spool/problem-email*) on http://bugs.otrs.org/!

 Traceback (61276): 
   Module: Kernel::System::PostMaster::NewTicket::Run Line: 483
   Module: Kernel::System::PostMaster::Run Line: 413
   Module: Kernel::System::MailAccount::IMAP::_Fetch Line: 220
   Module: Kernel::System::MailAccount::IMAP::Fetch Line: 86
   Module: Kernel::System::MailAccount::MailAccountFetch Line: 440
   Module: Kernel::System::Console::Command::Maint::PostMaster::MailAccountFetch::Run Line: 94
   Module: (eval) Line: 460
   Module: Kernel::System::Console::BaseCommand::Execute Line: 454
   Module: (eval) Line: 150
   Module: Kernel::System::Daemon::DaemonModules::SchedulerTaskWorker::Cron::Run Line: 129
   Module: Kernel::System::Daemon::DaemonModules::SchedulerTaskWorker::Run Line: 250
   Module: (eval) Line: 316
   Module: main::Start Line: 316
   Module: /opt/otrs//bin/otrs.Daemon.pl Line: 138

ERROR: OTRS-otrs.Console.pl-Maint::PostMaster::MailAccountFetch-27 Perl: 5.16.3 OS: linux Time: Wed Jul 12 09:57:05 2017

 Message: IMAP: Can't process mail, see log sub system (/opt/otrs/var/spool/problem-email-a4535911473f3d6ba3f5eec5e245f12a, report it on http://bugs.otrs.org/)!

 Traceback (61276): 
   Module: Kernel::System::MailAccount::IMAP::_Fetch Line: 224
   Module: Kernel::System::MailAccount::IMAP::Fetch Line: 86
   Module: Kernel::System::MailAccount::MailAccountFetch Line: 440
   Module: Kernel::System::Console::Command::Maint::PostMaster::MailAccountFetch::Run Line: 94
   Module: (eval) Line: 460
   Module: Kernel::System::Console::BaseCommand::Execute Line: 454
   Module: (eval) Line: 150
   Module: Kernel::System::Daemon::DaemonModules::SchedulerTaskWorker::Cron::Run Line: 129
   Module: Kernel::System::Daemon::DaemonModules::SchedulerTaskWorker::Run Line: 250
   Module: (eval) Line: 316
   Module: main::Start Line: 316
   Module: /opt/otrs//bin/otrs.Daemon.pl Line: 138



 Traceback (61276): 
   Module: Kernel::System::Daemon::DaemonModules::BaseTaskWorker::_HandleError Line: 51
   Module: Kernel::System::Daemon::DaemonModules::SchedulerTaskWorker::Cron::Run Line: 181
   Module: Kernel::System::Daemon::DaemonModules::SchedulerTaskWorker::Run Line: 250
   Module: (eval) Line: 316
   Module: main::Start Line: 316
   Module: /opt/otrs//bin/otrs.Daemon.pl Line: 138

ERROR: OTRS-otrs.Console.pl-Maint::PostMaster::MailAccountFetch-27 Perl: 5.16.3 OS: linux Time: Wed Jul 12 10:02:06 2017

 Message: There was an error executing Execute() in Kernel::System::Console::Command::Maint::PostMaster::MailAccountFetch: ERROR: OTRS-otrs.Console.pl-Maint::PostMaster::MailAccountFetch-27 Perl: 5.16.3 OS: linux Time: Wed Jul 12 10:02:06 2017

 Message: Can't get ArticleID from insert (TicketID=1015228, MessageID=<0OSY00IZUU6BJ110@claudiusfe.idm.net.lb>)!

 Traceback (61490): 
   Module: Kernel::System::Ticket::Article::ArticleCreate Line: 320
   Module: Kernel::System::PostMaster::NewTicket::Run Line: 455
   Module: Kernel::System::PostMaster::Run Line: 413
   Module: Kernel::System::MailAccount::IMAP::_Fetch Line: 220
   Module: Kernel::System::MailAccount::IMAP::Fetch Line: 86
   Module: Kernel::System::MailAccount::MailAccountFetch Line: 440
   Module: Kernel::System::Console::Command::Maint::PostMaster::MailAccountFetch::Run Line: 94
   Module: (eval) Line: 460
   Module: Kernel::System::Console::BaseCommand::Execute Line: 454
   Module: (eval) Line: 150
   Module: Kernel::System::Daemon::DaemonModules::SchedulerTaskWorker::Cron::Run Line: 129
   Module: Kernel::System::Daemon::DaemonModules::SchedulerTaskWorker::Run Line: 250
   Module: (eval) Line: 316
   Module: main::Start Line: 316
   Module: /opt/otrs//bin/otrs.Daemon.pl Line: 138

ERROR: OTRS-otrs.Console.pl-Maint::PostMaster::MailAccountFetch-27 Perl: 5.16.3 OS: linux Time: Wed Jul 12 10:02:06 2017

 Message: Can't process email with MessageID <<0OSY00IZUU6BJ110@claudiusfe.idm.net.lb>>! Please create a bug report with this email (From: proactivemanagedservice@gds.com.lb, Located under var/spool/problem-email*) on http://bugs.otrs.org/!

 Traceback (61490): 
   Module: Kernel::System::PostMaster::NewTicket::Run Line: 483
   Module: Kernel::System::PostMaster::Run Line: 413
   Module: Kernel::System::MailAccount::IMAP::_Fetch Line: 220
   Module: Kernel::System::MailAccount::IMAP::Fetch Line: 86
   Module: Kernel::System::MailAccount::MailAccountFetch Line: 440
   Module: Kernel::System::Console::Command::Maint::PostMaster::MailAccountFetch::Run Line: 94
   Module: (eval) Line: 460
   Module: Kernel::System::Console::BaseCommand::Execute Line: 454
   Module: (eval) Line: 150
   Module: Kernel::System::Daemon::DaemonModules::SchedulerTaskWorker::Cron::Run Line: 129
   Module: Kernel::System::Daemon::DaemonModules::SchedulerTaskWorker::Run Line: 250
   Module: (eval) Line: 316
   Module: main::Start Line: 316
   Module: /opt/otrs//bin/otrs.Daemon.pl Line: 138

ERROR: OTRS-otrs.Console.pl-Maint::PostMaster::MailAccountFetch-27 Perl: 5.16.3 OS: linux Time: Wed Jul 12 10:02:06 2017

 Message: IMAP: Can't process mail, see log sub system (/opt/otrs/var/spool/problem-email-de4626c9cd3f14cea46d42ab16d68667, report it on http://bugs.otrs.org/)!

 Traceback (61490): 
   Module: Kernel::System::MailAccount::IMAP::_Fetch Line: 224
   Module: Kernel::System::MailAccount::IMAP::Fetch Line: 86
   Module: Kernel::System::MailAccount::MailAccountFetch Line: 440
   Module: Kernel::System::Console::Command::Maint::PostMaster::MailAccountFetch::Run Line: 94
   Module: (eval) Line: 460
   Module: Kernel::System::Console::BaseCommand::Execute Line: 454
   Module: (eval) Line: 150
   Module: Kernel::System::Daemon::DaemonModules::SchedulerTaskWorker::Cron::Run Line: 129
   Module: Kernel::System::Daemon::DaemonModules::SchedulerTaskWorker::Run Line: 250
   Module: (eval) Line: 316
   Module: main::Start Line: 316
   Module: /opt/otrs//bin/otrs.Daemon.pl Line: 138



 Traceback (61490): 
   Module: Kernel::System::Daemon::DaemonModules::BaseTaskWorker::_HandleError Line: 51
   Module: Kernel::System::Daemon::DaemonModules::SchedulerTaskWorker::Cron::Run Line: 181
   Module: Kernel::System::Daemon::DaemonModules::SchedulerTaskWorker::Run Line: 250
   Module: (eval) Line: 316
   Module: main::Start Line: 316
   Module: /opt/otrs//bin/otrs.Daemon.pl Line: 138

