ERROR: OTRS-otrs.Console.pl-Maint::PostMaster::MailAccountFetch-27 Perl: 5.16.3 OS: linux Time: Thu Jul 13 08:02:15 2017

 Message: There was an error executing Execute() in Kernel::System::Console::Command::Maint::PostMaster::MailAccountFetch: ERROR: OTRS-otrs.Console.pl-Maint::PostMaster::MailAccountFetch-27 Perl: 5.16.3 OS: linux Time: Thu Jul 13 08:02:15 2017

 Message: Can't get ArticleID from insert (TicketID=1016043, MessageID=<0OT000GA7JBJFK60@claudiusfe.idm.net.lb>)!

 Traceback (54479): 
   Module: Kernel::System::Ticket::Article::ArticleCreate Line: 320
   Module: Kernel::System::PostMaster::NewTicket::Run Line: 455
   Module: Kernel::System::PostMaster::Run Line: 413
   Module: Kernel::System::MailAccount::IMAP::_Fetch Line: 220
   Module: Kernel::System::MailAccount::IMAP::Fetch Line: 86
   Module: Kernel::System::MailAccount::MailAccountFetch Line: 440
   Module: Kernel::System::Console::Command::Maint::PostMaster::MailAccountFetch::Run Line: 94
   Module: (eval) Line: 460
   Module: Kernel::System::Console::BaseCommand::Execute Line: 454
   Module: (eval) Line: 150
   Module: Kernel::System::Daemon::DaemonModules::SchedulerTaskWorker::Cron::Run Line: 129
   Module: Kernel::System::Daemon::DaemonModules::SchedulerTaskWorker::Run Line: 250
   Module: (eval) Line: 316
   Module: main::Start Line: 316
   Module: /opt/otrs//bin/otrs.Daemon.pl Line: 138

ERROR: OTRS-otrs.Console.pl-Maint::PostMaster::MailAccountFetch-27 Perl: 5.16.3 OS: linux Time: Thu Jul 13 08:02:15 2017

 Message: Can't process email with MessageID <<0OT000GA7JBJFK60@claudiusfe.idm.net.lb>>! Please create a bug report with this email (From: proactivemanagedservice@gds.com.lb, Located under var/spool/problem-email*) on http://bugs.otrs.org/!

 Traceback (54479): 
   Module: Kernel::System::PostMaster::NewTicket::Run Line: 483
   Module: Kernel::System::PostMaster::Run Line: 413
   Module: Kernel::System::MailAccount::IMAP::_Fetch Line: 220
   Module: Kernel::System::MailAccount::IMAP::Fetch Line: 86
   Module: Kernel::System::MailAccount::MailAccountFetch Line: 440
   Module: Kernel::System::Console::Command::Maint::PostMaster::MailAccountFetch::Run Line: 94
   Module: (eval) Line: 460
   Module: Kernel::System::Console::BaseCommand::Execute Line: 454
   Module: (eval) Line: 150
   Module: Kernel::System::Daemon::DaemonModules::SchedulerTaskWorker::Cron::Run Line: 129
   Module: Kernel::System::Daemon::DaemonModules::SchedulerTaskWorker::Run Line: 250
   Module: (eval) Line: 316
   Module: main::Start Line: 316
   Module: /opt/otrs//bin/otrs.Daemon.pl Line: 138

ERROR: OTRS-otrs.Console.pl-Maint::PostMaster::MailAccountFetch-27 Perl: 5.16.3 OS: linux Time: Thu Jul 13 08:02:15 2017

 Message: IMAP: Can't process mail, see log sub system (/opt/otrs/var/spool/problem-email-3dbd4d3c1929e14625e9808e639bdb3b, report it on http://bugs.otrs.org/)!

 Traceback (54479): 
   Module: Kernel::System::MailAccount::IMAP::_Fetch Line: 224
   Module: Kernel::System::MailAccount::IMAP::Fetch Line: 86
   Module: Kernel::System::MailAccount::MailAccountFetch Line: 440
   Module: Kernel::System::Console::Command::Maint::PostMaster::MailAccountFetch::Run Line: 94
   Module: (eval) Line: 460
   Module: Kernel::System::Console::BaseCommand::Execute Line: 454
   Module: (eval) Line: 150
   Module: Kernel::System::Daemon::DaemonModules::SchedulerTaskWorker::Cron::Run Line: 129
   Module: Kernel::System::Daemon::DaemonModules::SchedulerTaskWorker::Run Line: 250
   Module: (eval) Line: 316
   Module: main::Start Line: 316
   Module: /opt/otrs//bin/otrs.Daemon.pl Line: 138



 Traceback (54479): 
   Module: Kernel::System::Daemon::DaemonModules::BaseTaskWorker::_HandleError Line: 51
   Module: Kernel::System::Daemon::DaemonModules::SchedulerTaskWorker::Cron::Run Line: 181
   Module: Kernel::System::Daemon::DaemonModules::SchedulerTaskWorker::Run Line: 250
   Module: (eval) Line: 316
   Module: main::Start Line: 316
   Module: /opt/otrs//bin/otrs.Daemon.pl Line: 138

ERROR: OTRS-otrs.Console.pl-Maint::PostMaster::MailAccountFetch-27 Perl: 5.16.3 OS: linux Time: Thu Jul 13 08:05:17 2017

 Message: There was an error executing Execute() in Kernel::System::Console::Command::Maint::PostMaster::MailAccountFetch: ERROR: OTRS-otrs.Console.pl-Maint::PostMaster::MailAccountFetch-27 Perl: 5.16.3 OS: linux Time: Thu Jul 13 08:05:16 2017

 Message: Can't get ArticleID from insert (TicketID=1016051, MessageID=<0OT000GK0JFCFK60@claudiusfe.idm.net.lb>)!

 Traceback (54600): 
   Module: Kernel::System::Ticket::Article::ArticleCreate Line: 320
   Module: Kernel::System::PostMaster::NewTicket::Run Line: 455
   Module: Kernel::System::PostMaster::Run Line: 413
   Module: Kernel::System::MailAccount::IMAP::_Fetch Line: 220
   Module: Kernel::System::MailAccount::IMAP::Fetch Line: 86
   Module: Kernel::System::MailAccount::MailAccountFetch Line: 440
   Module: Kernel::System::Console::Command::Maint::PostMaster::MailAccountFetch::Run Line: 94
   Module: (eval) Line: 460
   Module: Kernel::System::Console::BaseCommand::Execute Line: 454
   Module: (eval) Line: 150
   Module: Kernel::System::Daemon::DaemonModules::SchedulerTaskWorker::Cron::Run Line: 129
   Module: Kernel::System::Daemon::DaemonModules::SchedulerTaskWorker::Run Line: 250
   Module: (eval) Line: 316
   Module: main::Start Line: 316
   Module: /opt/otrs//bin/otrs.Daemon.pl Line: 138

ERROR: OTRS-otrs.Console.pl-Maint::PostMaster::MailAccountFetch-27 Perl: 5.16.3 OS: linux Time: Thu Jul 13 08:05:17 2017

 Message: Can't process email with MessageID <<0OT000GK0JFCFK60@claudiusfe.idm.net.lb>>! Please create a bug report with this email (From: proactivemanagedservice@gds.com.lb, Located under var/spool/problem-email*) on http://bugs.otrs.org/!

 Traceback (54600): 
   Module: Kernel::System::PostMaster::NewTicket::Run Line: 483
   Module: Kernel::System::PostMaster::Run Line: 413
   Module: Kernel::System::MailAccount::IMAP::_Fetch Line: 220
   Module: Kernel::System::MailAccount::IMAP::Fetch Line: 86
   Module: Kernel::System::MailAccount::MailAccountFetch Line: 440
   Module: Kernel::System::Console::Command::Maint::PostMaster::MailAccountFetch::Run Line: 94
   Module: (eval) Line: 460
   Module: Kernel::System::Console::BaseCommand::Execute Line: 454
   Module: (eval) Line: 150
   Module: Kernel::System::Daemon::DaemonModules::SchedulerTaskWorker::Cron::Run Line: 129
   Module: Kernel::System::Daemon::DaemonModules::SchedulerTaskWorker::Run Line: 250
   Module: (eval) Line: 316
   Module: main::Start Line: 316
   Module: /opt/otrs//bin/otrs.Daemon.pl Line: 138

ERROR: OTRS-otrs.Console.pl-Maint::PostMaster::MailAccountFetch-27 Perl: 5.16.3 OS: linux Time: Thu Jul 13 08:05:17 2017

 Message: IMAP: Can't process mail, see log sub system (/opt/otrs/var/spool/problem-email-fd6e2bbb02928d16ff75f1bd82e4b52d, report it on http://bugs.otrs.org/)!

 Traceback (54600): 
   Module: Kernel::System::MailAccount::IMAP::_Fetch Line: 224
   Module: Kernel::System::MailAccount::IMAP::Fetch Line: 86
   Module: Kernel::System::MailAccount::MailAccountFetch Line: 440
   Module: Kernel::System::Console::Command::Maint::PostMaster::MailAccountFetch::Run Line: 94
   Module: (eval) Line: 460
   Module: Kernel::System::Console::BaseCommand::Execute Line: 454
   Module: (eval) Line: 150
   Module: Kernel::System::Daemon::DaemonModules::SchedulerTaskWorker::Cron::Run Line: 129
   Module: Kernel::System::Daemon::DaemonModules::SchedulerTaskWorker::Run Line: 250
   Module: (eval) Line: 316
   Module: main::Start Line: 316
   Module: /opt/otrs//bin/otrs.Daemon.pl Line: 138



 Traceback (54600): 
   Module: Kernel::System::Daemon::DaemonModules::BaseTaskWorker::_HandleError Line: 51
   Module: Kernel::System::Daemon::DaemonModules::SchedulerTaskWorker::Cron::Run Line: 181
   Module: Kernel::System::Daemon::DaemonModules::SchedulerTaskWorker::Run Line: 250
   Module: (eval) Line: 316
   Module: main::Start Line: 316
   Module: /opt/otrs//bin/otrs.Daemon.pl Line: 138

