ERROR: OTRS-otrs.Console.pl-Maint::PostMaster::MailAccountFetch-27 Perl: 5.16.3 OS: linux Time: Wed Jul 12 20:40:18 2017

 Message: There was an error executing Execute() in Kernel::System::Console::Command::Maint::PostMaster::MailAccountFetch: ERROR: OTRS-otrs.Console.pl-Maint::PostMaster::MailAccountFetch-27 Perl: 5.16.3 OS: linux Time: Wed Jul 12 20:40:18 2017

 Message: Can't get ArticleID from insert (TicketID=1016037, MessageID=<0OSZ0043FNQQEI80@claudiusfe.idm.net.lb>)!

 Traceback (28241): 
   Module: Kernel::System::Ticket::Article::ArticleCreate Line: 320
   Module: Kernel::System::PostMaster::NewTicket::Run Line: 455
   Module: Kernel::System::PostMaster::Run Line: 413
   Module: Kernel::System::MailAccount::IMAP::_Fetch Line: 220
   Module: Kernel::System::MailAccount::IMAP::Fetch Line: 86
   Module: Kernel::System::MailAccount::MailAccountFetch Line: 440
   Module: Kernel::System::Console::Command::Maint::PostMaster::MailAccountFetch::Run Line: 94
   Module: (eval) Line: 460
   Module: Kernel::System::Console::BaseCommand::Execute Line: 454
   Module: (eval) Line: 150
   Module: Kernel::System::Daemon::DaemonModules::SchedulerTaskWorker::Cron::Run Line: 129
   Module: Kernel::System::Daemon::DaemonModules::SchedulerTaskWorker::Run Line: 250
   Module: (eval) Line: 316
   Module: main::Start Line: 316
   Module: /opt/otrs//bin/otrs.Daemon.pl Line: 138

ERROR: OTRS-otrs.Console.pl-Maint::PostMaster::MailAccountFetch-27 Perl: 5.16.3 OS: linux Time: Wed Jul 12 20:40:18 2017

 Message: Can't process email with MessageID <<0OSZ0043FNQQEI80@claudiusfe.idm.net.lb>>! Please create a bug report with this email (From: proactivemanagedservice@gds.com.lb, Located under var/spool/problem-email*) on http://bugs.otrs.org/!

 Traceback (28241): 
   Module: Kernel::System::PostMaster::NewTicket::Run Line: 483
   Module: Kernel::System::PostMaster::Run Line: 413
   Module: Kernel::System::MailAccount::IMAP::_Fetch Line: 220
   Module: Kernel::System::MailAccount::IMAP::Fetch Line: 86
   Module: Kernel::System::MailAccount::MailAccountFetch Line: 440
   Module: Kernel::System::Console::Command::Maint::PostMaster::MailAccountFetch::Run Line: 94
   Module: (eval) Line: 460
   Module: Kernel::System::Console::BaseCommand::Execute Line: 454
   Module: (eval) Line: 150
   Module: Kernel::System::Daemon::DaemonModules::SchedulerTaskWorker::Cron::Run Line: 129
   Module: Kernel::System::Daemon::DaemonModules::SchedulerTaskWorker::Run Line: 250
   Module: (eval) Line: 316
   Module: main::Start Line: 316
   Module: /opt/otrs//bin/otrs.Daemon.pl Line: 138

ERROR: OTRS-otrs.Console.pl-Maint::PostMaster::MailAccountFetch-27 Perl: 5.16.3 OS: linux Time: Wed Jul 12 20:40:18 2017

 Message: IMAP: Can't process mail, see log sub system (/opt/otrs/var/spool/problem-email-03939a4bc5f54a5bbd009373c149432e, report it on http://bugs.otrs.org/)!

 Traceback (28241): 
   Module: Kernel::System::MailAccount::IMAP::_Fetch Line: 224
   Module: Kernel::System::MailAccount::IMAP::Fetch Line: 86
   Module: Kernel::System::MailAccount::MailAccountFetch Line: 440
   Module: Kernel::System::Console::Command::Maint::PostMaster::MailAccountFetch::Run Line: 94
   Module: (eval) Line: 460
   Module: Kernel::System::Console::BaseCommand::Execute Line: 454
   Module: (eval) Line: 150
   Module: Kernel::System::Daemon::DaemonModules::SchedulerTaskWorker::Cron::Run Line: 129
   Module: Kernel::System::Daemon::DaemonModules::SchedulerTaskWorker::Run Line: 250
   Module: (eval) Line: 316
   Module: main::Start Line: 316
   Module: /opt/otrs//bin/otrs.Daemon.pl Line: 138



 Traceback (28241): 
   Module: Kernel::System::Daemon::DaemonModules::BaseTaskWorker::_HandleError Line: 51
   Module: Kernel::System::Daemon::DaemonModules::SchedulerTaskWorker::Cron::Run Line: 181
   Module: Kernel::System::Daemon::DaemonModules::SchedulerTaskWorker::Run Line: 250
   Module: (eval) Line: 316
   Module: main::Start Line: 316
   Module: /opt/otrs//bin/otrs.Daemon.pl Line: 138

ERROR: OTRS-otrs.Console.pl-Maint::PostMaster::MailAccountFetch-27 Perl: 5.16.3 OS: linux Time: Wed Jul 12 20:43:18 2017

 Message: There was an error executing Execute() in Kernel::System::Console::Command::Maint::PostMaster::MailAccountFetch: ERROR: OTRS-otrs.Console.pl-Maint::PostMaster::MailAccountFetch-27 Perl: 5.16.3 OS: linux Time: Wed Jul 12 20:43:18 2017

 Message: Can't get ArticleID from insert (TicketID=1016038, MessageID=<0OSZ004C0NVSEI80@claudiusfe.idm.net.lb>)!

 Traceback (28351): 
   Module: Kernel::System::Ticket::Article::ArticleCreate Line: 320
   Module: Kernel::System::PostMaster::NewTicket::Run Line: 455
   Module: Kernel::System::PostMaster::Run Line: 413
   Module: Kernel::System::MailAccount::IMAP::_Fetch Line: 220
   Module: Kernel::System::MailAccount::IMAP::Fetch Line: 86
   Module: Kernel::System::MailAccount::MailAccountFetch Line: 440
   Module: Kernel::System::Console::Command::Maint::PostMaster::MailAccountFetch::Run Line: 94
   Module: (eval) Line: 460
   Module: Kernel::System::Console::BaseCommand::Execute Line: 454
   Module: (eval) Line: 150
   Module: Kernel::System::Daemon::DaemonModules::SchedulerTaskWorker::Cron::Run Line: 129
   Module: Kernel::System::Daemon::DaemonModules::SchedulerTaskWorker::Run Line: 250
   Module: (eval) Line: 316
   Module: main::Start Line: 316
   Module: /opt/otrs//bin/otrs.Daemon.pl Line: 138

ERROR: OTRS-otrs.Console.pl-Maint::PostMaster::MailAccountFetch-27 Perl: 5.16.3 OS: linux Time: Wed Jul 12 20:43:18 2017

 Message: Can't process email with MessageID <<0OSZ004C0NVSEI80@claudiusfe.idm.net.lb>>! Please create a bug report with this email (From: proactivemanagedservice@gds.com.lb, Located under var/spool/problem-email*) on http://bugs.otrs.org/!

 Traceback (28351): 
   Module: Kernel::System::PostMaster::NewTicket::Run Line: 483
   Module: Kernel::System::PostMaster::Run Line: 413
   Module: Kernel::System::MailAccount::IMAP::_Fetch Line: 220
   Module: Kernel::System::MailAccount::IMAP::Fetch Line: 86
   Module: Kernel::System::MailAccount::MailAccountFetch Line: 440
   Module: Kernel::System::Console::Command::Maint::PostMaster::MailAccountFetch::Run Line: 94
   Module: (eval) Line: 460
   Module: Kernel::System::Console::BaseCommand::Execute Line: 454
   Module: (eval) Line: 150
   Module: Kernel::System::Daemon::DaemonModules::SchedulerTaskWorker::Cron::Run Line: 129
   Module: Kernel::System::Daemon::DaemonModules::SchedulerTaskWorker::Run Line: 250
   Module: (eval) Line: 316
   Module: main::Start Line: 316
   Module: /opt/otrs//bin/otrs.Daemon.pl Line: 138

ERROR: OTRS-otrs.Console.pl-Maint::PostMaster::MailAccountFetch-27 Perl: 5.16.3 OS: linux Time: Wed Jul 12 20:43:18 2017

 Message: IMAP: Can't process mail, see log sub system (/opt/otrs/var/spool/problem-email-b55883da73f00bf7544f21871f5fdf70, report it on http://bugs.otrs.org/)!

 Traceback (28351): 
   Module: Kernel::System::MailAccount::IMAP::_Fetch Line: 224
   Module: Kernel::System::MailAccount::IMAP::Fetch Line: 86
   Module: Kernel::System::MailAccount::MailAccountFetch Line: 440
   Module: Kernel::System::Console::Command::Maint::PostMaster::MailAccountFetch::Run Line: 94
   Module: (eval) Line: 460
   Module: Kernel::System::Console::BaseCommand::Execute Line: 454
   Module: (eval) Line: 150
   Module: Kernel::System::Daemon::DaemonModules::SchedulerTaskWorker::Cron::Run Line: 129
   Module: Kernel::System::Daemon::DaemonModules::SchedulerTaskWorker::Run Line: 250
   Module: (eval) Line: 316
   Module: main::Start Line: 316
   Module: /opt/otrs//bin/otrs.Daemon.pl Line: 138



 Traceback (28351): 
   Module: Kernel::System::Daemon::DaemonModules::BaseTaskWorker::_HandleError Line: 51
   Module: Kernel::System::Daemon::DaemonModules::SchedulerTaskWorker::Cron::Run Line: 181
   Module: Kernel::System::Daemon::DaemonModules::SchedulerTaskWorker::Run Line: 250
   Module: (eval) Line: 316
   Module: main::Start Line: 316
   Module: /opt/otrs//bin/otrs.Daemon.pl Line: 138

ERROR: OTRS-otrs.Console.pl-Maint::PostMaster::MailAccountFetch-27 Perl: 5.16.3 OS: linux Time: Wed Jul 12 20:57:19 2017

 Message: There was an error executing Execute() in Kernel::System::Console::Command::Maint::PostMaster::MailAccountFetch: ERROR: OTRS-otrs.Console.pl-Maint::PostMaster::MailAccountFetch-27 Perl: 5.16.3 OS: linux Time: Wed Jul 12 20:57:19 2017

 Message: Can't get ArticleID from insert (TicketID=1016039, MessageID=<0OSZ004AGOI1EI90@claudiusfe.idm.net.lb>)!

 Traceback (28887): 
   Module: Kernel::System::Ticket::Article::ArticleCreate Line: 320
   Module: Kernel::System::PostMaster::NewTicket::Run Line: 455
   Module: Kernel::System::PostMaster::Run Line: 413
   Module: Kernel::System::MailAccount::IMAP::_Fetch Line: 220
   Module: Kernel::System::MailAccount::IMAP::Fetch Line: 86
   Module: Kernel::System::MailAccount::MailAccountFetch Line: 440
   Module: Kernel::System::Console::Command::Maint::PostMaster::MailAccountFetch::Run Line: 94
   Module: (eval) Line: 460
   Module: Kernel::System::Console::BaseCommand::Execute Line: 454
   Module: (eval) Line: 150
   Module: Kernel::System::Daemon::DaemonModules::SchedulerTaskWorker::Cron::Run Line: 129
   Module: Kernel::System::Daemon::DaemonModules::SchedulerTaskWorker::Run Line: 250
   Module: (eval) Line: 316
   Module: main::Start Line: 316
   Module: /opt/otrs//bin/otrs.Daemon.pl Line: 138

ERROR: OTRS-otrs.Console.pl-Maint::PostMaster::MailAccountFetch-27 Perl: 5.16.3 OS: linux Time: Wed Jul 12 20:57:19 2017

 Message: Can't process email with MessageID <<0OSZ004AGOI1EI90@claudiusfe.idm.net.lb>>! Please create a bug report with this email (From: proactivemanagedservice@gds.com.lb, Located under var/spool/problem-email*) on http://bugs.otrs.org/!

 Traceback (28887): 
   Module: Kernel::System::PostMaster::NewTicket::Run Line: 483
   Module: Kernel::System::PostMaster::Run Line: 413
   Module: Kernel::System::MailAccount::IMAP::_Fetch Line: 220
   Module: Kernel::System::MailAccount::IMAP::Fetch Line: 86
   Module: Kernel::System::MailAccount::MailAccountFetch Line: 440
   Module: Kernel::System::Console::Command::Maint::PostMaster::MailAccountFetch::Run Line: 94
   Module: (eval) Line: 460
   Module: Kernel::System::Console::BaseCommand::Execute Line: 454
   Module: (eval) Line: 150
   Module: Kernel::System::Daemon::DaemonModules::SchedulerTaskWorker::Cron::Run Line: 129
   Module: Kernel::System::Daemon::DaemonModules::SchedulerTaskWorker::Run Line: 250
   Module: (eval) Line: 316
   Module: main::Start Line: 316
   Module: /opt/otrs//bin/otrs.Daemon.pl Line: 138

ERROR: OTRS-otrs.Console.pl-Maint::PostMaster::MailAccountFetch-27 Perl: 5.16.3 OS: linux Time: Wed Jul 12 20:57:19 2017

 Message: IMAP: Can't process mail, see log sub system (/opt/otrs/var/spool/problem-email-2bf8ad4769715e8183276e0ad78b83ec, report it on http://bugs.otrs.org/)!

 Traceback (28887): 
   Module: Kernel::System::MailAccount::IMAP::_Fetch Line: 224
   Module: Kernel::System::MailAccount::IMAP::Fetch Line: 86
   Module: Kernel::System::MailAccount::MailAccountFetch Line: 440
   Module: Kernel::System::Console::Command::Maint::PostMaster::MailAccountFetch::Run Line: 94
   Module: (eval) Line: 460
   Module: Kernel::System::Console::BaseCommand::Execute Line: 454
   Module: (eval) Line: 150
   Module: Kernel::System::Daemon::DaemonModules::SchedulerTaskWorker::Cron::Run Line: 129
   Module: Kernel::System::Daemon::DaemonModules::SchedulerTaskWorker::Run Line: 250
   Module: (eval) Line: 316
   Module: main::Start Line: 316
   Module: /opt/otrs//bin/otrs.Daemon.pl Line: 138



 Traceback (28887): 
   Module: Kernel::System::Daemon::DaemonModules::BaseTaskWorker::_HandleError Line: 51
   Module: Kernel::System::Daemon::DaemonModules::SchedulerTaskWorker::Cron::Run Line: 181
   Module: Kernel::System::Daemon::DaemonModules::SchedulerTaskWorker::Run Line: 250
   Module: (eval) Line: 316
   Module: main::Start Line: 316
   Module: /opt/otrs//bin/otrs.Daemon.pl Line: 138

ERROR: OTRS-otrs.Console.pl-Maint::PostMaster::MailAccountFetch-27 Perl: 5.16.3 OS: linux Time: Wed Jul 12 21:06:20 2017

 Message: There was an error executing Execute() in Kernel::System::Console::Command::Maint::PostMaster::MailAccountFetch: ERROR: OTRS-otrs.Console.pl-Maint::PostMaster::MailAccountFetch-27 Perl: 5.16.3 OS: linux Time: Wed Jul 12 21:06:20 2017

 Message: Can't get ArticleID from insert (TicketID=1016040, MessageID=<0OSZ004PXOXDTI50@claudiusfe.idm.net.lb>)!

 Traceback (29256): 
   Module: Kernel::System::Ticket::Article::ArticleCreate Line: 320
   Module: Kernel::System::PostMaster::NewTicket::Run Line: 455
   Module: Kernel::System::PostMaster::Run Line: 413
   Module: Kernel::System::MailAccount::IMAP::_Fetch Line: 220
   Module: Kernel::System::MailAccount::IMAP::Fetch Line: 86
   Module: Kernel::System::MailAccount::MailAccountFetch Line: 440
   Module: Kernel::System::Console::Command::Maint::PostMaster::MailAccountFetch::Run Line: 94
   Module: (eval) Line: 460
   Module: Kernel::System::Console::BaseCommand::Execute Line: 454
   Module: (eval) Line: 150
   Module: Kernel::System::Daemon::DaemonModules::SchedulerTaskWorker::Cron::Run Line: 129
   Module: Kernel::System::Daemon::DaemonModules::SchedulerTaskWorker::Run Line: 250
   Module: (eval) Line: 316
   Module: main::Start Line: 316
   Module: /opt/otrs//bin/otrs.Daemon.pl Line: 138

ERROR: OTRS-otrs.Console.pl-Maint::PostMaster::MailAccountFetch-27 Perl: 5.16.3 OS: linux Time: Wed Jul 12 21:06:20 2017

 Message: Can't process email with MessageID <<0OSZ004PXOXDTI50@claudiusfe.idm.net.lb>>! Please create a bug report with this email (From: proactivemanagedservice@gds.com.lb, Located under var/spool/problem-email*) on http://bugs.otrs.org/!

 Traceback (29256): 
   Module: Kernel::System::PostMaster::NewTicket::Run Line: 483
   Module: Kernel::System::PostMaster::Run Line: 413
   Module: Kernel::System::MailAccount::IMAP::_Fetch Line: 220
   Module: Kernel::System::MailAccount::IMAP::Fetch Line: 86
   Module: Kernel::System::MailAccount::MailAccountFetch Line: 440
   Module: Kernel::System::Console::Command::Maint::PostMaster::MailAccountFetch::Run Line: 94
   Module: (eval) Line: 460
   Module: Kernel::System::Console::BaseCommand::Execute Line: 454
   Module: (eval) Line: 150
   Module: Kernel::System::Daemon::DaemonModules::SchedulerTaskWorker::Cron::Run Line: 129
   Module: Kernel::System::Daemon::DaemonModules::SchedulerTaskWorker::Run Line: 250
   Module: (eval) Line: 316
   Module: main::Start Line: 316
   Module: /opt/otrs//bin/otrs.Daemon.pl Line: 138

ERROR: OTRS-otrs.Console.pl-Maint::PostMaster::MailAccountFetch-27 Perl: 5.16.3 OS: linux Time: Wed Jul 12 21:06:20 2017

 Message: IMAP: Can't process mail, see log sub system (/opt/otrs/var/spool/problem-email-a02345c9b8639cd17fe0f44b5a563b38, report it on http://bugs.otrs.org/)!

 Traceback (29256): 
   Module: Kernel::System::MailAccount::IMAP::_Fetch Line: 224
   Module: Kernel::System::MailAccount::IMAP::Fetch Line: 86
   Module: Kernel::System::MailAccount::MailAccountFetch Line: 440
   Module: Kernel::System::Console::Command::Maint::PostMaster::MailAccountFetch::Run Line: 94
   Module: (eval) Line: 460
   Module: Kernel::System::Console::BaseCommand::Execute Line: 454
   Module: (eval) Line: 150
   Module: Kernel::System::Daemon::DaemonModules::SchedulerTaskWorker::Cron::Run Line: 129
   Module: Kernel::System::Daemon::DaemonModules::SchedulerTaskWorker::Run Line: 250
   Module: (eval) Line: 316
   Module: main::Start Line: 316
   Module: /opt/otrs//bin/otrs.Daemon.pl Line: 138



 Traceback (29256): 
   Module: Kernel::System::Daemon::DaemonModules::BaseTaskWorker::_HandleError Line: 51
   Module: Kernel::System::Daemon::DaemonModules::SchedulerTaskWorker::Cron::Run Line: 181
   Module: Kernel::System::Daemon::DaemonModules::SchedulerTaskWorker::Run Line: 250
   Module: (eval) Line: 316
   Module: main::Start Line: 316
   Module: /opt/otrs//bin/otrs.Daemon.pl Line: 138

ERROR: OTRS-otrs.Console.pl-Maint::PostMaster::MailAccountFetch-27 Perl: 5.16.3 OS: linux Time: Wed Jul 12 21:07:20 2017

 Message: There was an error executing Execute() in Kernel::System::Console::Command::Maint::PostMaster::MailAccountFetch: ERROR: OTRS-otrs.Console.pl-Maint::PostMaster::MailAccountFetch-27 Perl: 5.16.3 OS: linux Time: Wed Jul 12 21:07:19 2017

 Message: Can't get ArticleID from insert (TicketID=1016041, MessageID=<0OSZ004SVOYJTI50@claudiusfe.idm.net.lb>)!

 Traceback (29294): 
   Module: Kernel::System::Ticket::Article::ArticleCreate Line: 320
   Module: Kernel::System::PostMaster::NewTicket::Run Line: 455
   Module: Kernel::System::PostMaster::Run Line: 413
   Module: Kernel::System::MailAccount::IMAP::_Fetch Line: 220
   Module: Kernel::System::MailAccount::IMAP::Fetch Line: 86
   Module: Kernel::System::MailAccount::MailAccountFetch Line: 440
   Module: Kernel::System::Console::Command::Maint::PostMaster::MailAccountFetch::Run Line: 94
   Module: (eval) Line: 460
   Module: Kernel::System::Console::BaseCommand::Execute Line: 454
   Module: (eval) Line: 150
   Module: Kernel::System::Daemon::DaemonModules::SchedulerTaskWorker::Cron::Run Line: 129
   Module: Kernel::System::Daemon::DaemonModules::SchedulerTaskWorker::Run Line: 250
   Module: (eval) Line: 316
   Module: main::Start Line: 316
   Module: /opt/otrs//bin/otrs.Daemon.pl Line: 138

ERROR: OTRS-otrs.Console.pl-Maint::PostMaster::MailAccountFetch-27 Perl: 5.16.3 OS: linux Time: Wed Jul 12 21:07:19 2017

 Message: Can't process email with MessageID <<0OSZ004SVOYJTI50@claudiusfe.idm.net.lb>>! Please create a bug report with this email (From: proactivemanagedservice@gds.com.lb, Located under var/spool/problem-email*) on http://bugs.otrs.org/!

 Traceback (29294): 
   Module: Kernel::System::PostMaster::NewTicket::Run Line: 483
   Module: Kernel::System::PostMaster::Run Line: 413
   Module: Kernel::System::MailAccount::IMAP::_Fetch Line: 220
   Module: Kernel::System::MailAccount::IMAP::Fetch Line: 86
   Module: Kernel::System::MailAccount::MailAccountFetch Line: 440
   Module: Kernel::System::Console::Command::Maint::PostMaster::MailAccountFetch::Run Line: 94
   Module: (eval) Line: 460
   Module: Kernel::System::Console::BaseCommand::Execute Line: 454
   Module: (eval) Line: 150
   Module: Kernel::System::Daemon::DaemonModules::SchedulerTaskWorker::Cron::Run Line: 129
   Module: Kernel::System::Daemon::DaemonModules::SchedulerTaskWorker::Run Line: 250
   Module: (eval) Line: 316
   Module: main::Start Line: 316
   Module: /opt/otrs//bin/otrs.Daemon.pl Line: 138

ERROR: OTRS-otrs.Console.pl-Maint::PostMaster::MailAccountFetch-27 Perl: 5.16.3 OS: linux Time: Wed Jul 12 21:07:19 2017

 Message: IMAP: Can't process mail, see log sub system (/opt/otrs/var/spool/problem-email-311eac943e21d74450136c7c396ee4b8, report it on http://bugs.otrs.org/)!

 Traceback (29294): 
   Module: Kernel::System::MailAccount::IMAP::_Fetch Line: 224
   Module: Kernel::System::MailAccount::IMAP::Fetch Line: 86
   Module: Kernel::System::MailAccount::MailAccountFetch Line: 440
   Module: Kernel::System::Console::Command::Maint::PostMaster::MailAccountFetch::Run Line: 94
   Module: (eval) Line: 460
   Module: Kernel::System::Console::BaseCommand::Execute Line: 454
   Module: (eval) Line: 150
   Module: Kernel::System::Daemon::DaemonModules::SchedulerTaskWorker::Cron::Run Line: 129
   Module: Kernel::System::Daemon::DaemonModules::SchedulerTaskWorker::Run Line: 250
   Module: (eval) Line: 316
   Module: main::Start Line: 316
   Module: /opt/otrs//bin/otrs.Daemon.pl Line: 138



 Traceback (29294): 
   Module: Kernel::System::Daemon::DaemonModules::BaseTaskWorker::_HandleError Line: 51
   Module: Kernel::System::Daemon::DaemonModules::SchedulerTaskWorker::Cron::Run Line: 181
   Module: Kernel::System::Daemon::DaemonModules::SchedulerTaskWorker::Run Line: 250
   Module: (eval) Line: 316
   Module: main::Start Line: 316
   Module: /opt/otrs//bin/otrs.Daemon.pl Line: 138

